!SESSION 2023-12-18 18:56:16.760 -----------------------------------------------
eclipse.buildId=4.30.0.20231201-1200
java.version=17.0.8
java.vendor=Oracle Corporation
BootLoader constants: OS=win32, ARCH=x86_64, WS=win32, NL=pt_BR
Framework arguments:  -product org.eclipse.epp.package.jee.product
Command-line arguments:  -os win32 -ws win32 -arch x86_64 -product org.eclipse.epp.package.jee.product

This is a continuation of log file C:\Users\vitor\OneDrive\Dev\dev-projetos\Udemy\Java-cod3r\.metadata\.bak_0.log
Created Time: 2023-12-18 22:14:05.096

!ENTRY org.eclipse.jdt.core 4 4 2023-12-18 22:14:05.097
!MESSAGE Search failed for index Index for /exercicios
!STACK 0
java.io.IOException: Failed to read index data from file:/C:/Users/vitor/OneDrive/Dev/dev-projetos/Udemy/Java-cod3r/.metadata/.plugins/org.eclipse.jdt.core/3654592591.index at offset 29096 and size 1946159726
	at org.eclipse.jdt.internal.core.index.DiskIndex.readCategoryTable(DiskIndex.java:686)
	at org.eclipse.jdt.internal.core.index.DiskIndex.addQueryResults(DiskIndex.java:239)
	at org.eclipse.jdt.internal.core.index.Index.query(Index.java:169)
	at org.eclipse.jdt.internal.core.search.matching.SuperTypeReferencePattern.queryIn(SuperTypeReferencePattern.java:280)
	at org.eclipse.jdt.core.search.SearchPattern.findIndexMatches(SearchPattern.java:2517)
	at org.eclipse.jdt.core.search.SearchPattern.findIndexMatches(SearchPattern.java:2489)
	at org.eclipse.jdt.internal.core.search.matching.MatchLocator.findIndexMatches(MatchLocator.java:310)
	at org.eclipse.jdt.internal.core.search.PatternSearchJob.search(PatternSearchJob.java:240)
	at org.eclipse.jdt.internal.core.search.PatternSearchJob.search(PatternSearchJob.java:214)
	at org.eclipse.jdt.internal.core.search.PatternSearchJob.lambda$0(PatternSearchJob.java:150)
	at java.base/java.util.concurrent.ForkJoinTask$AdaptedCallable.exec(ForkJoinTask.java:1428)
	at java.base/java.util.concurrent.ForkJoinTask.doExec(ForkJoinTask.java:373)
	at java.base/java.util.concurrent.ForkJoinTask.awaitDone(ForkJoinTask.java:436)
	at java.base/java.util.concurrent.ForkJoinTask.get(ForkJoinTask.java:979)
	at org.eclipse.jdt.internal.core.search.PatternSearchJob.performParallelSearch(PatternSearchJob.java:156)
	at org.eclipse.jdt.internal.core.search.PatternSearchJob.execute(PatternSearchJob.java:117)
	at org.eclipse.jdt.internal.core.search.processing.JobManager.performConcurrentJob(JobManager.java:384)
	at org.eclipse.jdt.internal.core.search.BasicSearchEngine.findMatches(BasicSearchEngine.java:238)
	at org.eclipse.jdt.internal.core.search.BasicSearchEngine.search(BasicSearchEngine.java:600)
	at org.eclipse.jdt.core.search.SearchEngine.search(SearchEngine.java:669)
	at org.eclipse.jdt.internal.codeassist.CompletionEngine.findConstructorsFromSubTypes(CompletionEngine.java:11985)
	at org.eclipse.jdt.internal.codeassist.CompletionEngine.findTypesAndPackages(CompletionEngine.java:11864)
	at org.eclipse.jdt.internal.codeassist.CompletionEngine.completionOnSingleTypeReference(CompletionEngine.java:4111)
	at org.eclipse.jdt.internal.codeassist.CompletionEngine.complete(CompletionEngine.java:2029)
	at org.eclipse.jdt.internal.codeassist.CompletionEngine.complete(CompletionEngine.java:2352)
	at org.eclipse.jdt.internal.core.Openable.codeComplete(Openable.java:136)
	at org.eclipse.jdt.internal.core.CompilationUnit.codeComplete(CompilationUnit.java:367)
	at org.eclipse.jdt.internal.core.CompilationUnit.codeComplete(CompilationUnit.java:357)
	at org.eclipse.jdt.internal.ui.text.java.JavaCompletionProposalComputer.internalComputeCompletionProposals(JavaCompletionProposalComputer.java:256)
	at org.eclipse.jdt.internal.ui.text.java.JavaCompletionProposalComputer.computeCompletionProposals(JavaCompletionProposalComputer.java:218)
	at org.eclipse.jdt.internal.ui.text.java.JavaTypeCompletionProposalComputer.computeCompletionProposals(JavaTypeCompletionProposalComputer.java:65)
	at org.eclipse.mylyn.internal.java.ui.editor.FocusedJavaAllProposalComputer.computeCompletionProposals(FocusedJavaAllProposalComputer.java:42)
	at org.eclipse.jdt.internal.ui.text.java.CompletionProposalComputerDescriptor.computeCompletionProposals(CompletionProposalComputerDescriptor.java:348)
	at org.eclipse.jdt.internal.ui.text.java.CompletionProposalCategory.computeCompletionProposals(CompletionProposalCategory.java:340)
	at org.eclipse.jdt.internal.ui.text.java.ContentAssistProcessor.collectProposals(ContentAssistProcessor.java:333)
	at org.eclipse.jdt.internal.ui.text.java.ContentAssistProcessor.computeCompletionProposals(ContentAssistProcessor.java:289)
	at org.eclipse.jface.text.contentassist.AsyncCompletionProposalPopup.lambda$10(AsyncCompletionProposalPopup.java:378)
	at org.eclipse.core.runtime.SafeRunner.run(SafeRunner.java:47)
	at org.eclipse.jface.text.contentassist.AsyncCompletionProposalPopup.lambda$9(AsyncCompletionProposalPopup.java:377)
	at java.base/java.util.concurrent.CompletableFuture$AsyncSupply.run(CompletableFuture.java:1768)
	at java.base/java.util.concurrent.CompletableFuture$AsyncSupply.exec(CompletableFuture.java:1760)
	at java.base/java.util.concurrent.ForkJoinTask.doExec(ForkJoinTask.java:373)
	at java.base/java.util.concurrent.ForkJoinPool$WorkQueue.topLevelExec(ForkJoinPool.java:1182)
	at java.base/java.util.concurrent.ForkJoinPool.scan(ForkJoinPool.java:1655)
	at java.base/java.util.concurrent.ForkJoinPool.runWorker(ForkJoinPool.java:1622)
	at java.base/java.util.concurrent.ForkJoinWorkerThread.run(ForkJoinWorkerThread.java:165)
Caused by: java.lang.OutOfMemoryError: Java heap space

!ENTRY org.eclipse.jdt.core 4 4 2023-12-18 22:14:27.545
!MESSAGE Search failed for index Index for /exercicios
!STACK 0
java.io.IOException: Failed to read index data from file:/C:/Users/vitor/OneDrive/Dev/dev-projetos/Udemy/Java-cod3r/.metadata/.plugins/org.eclipse.jdt.core/3654592591.index at offset 8185 and size 1778384896
	at org.eclipse.jdt.internal.core.index.DiskIndex.readCategoryTable(DiskIndex.java:686)
	at org.eclipse.jdt.internal.core.index.DiskIndex.addQueryResults(DiskIndex.java:239)
	at org.eclipse.jdt.internal.core.index.Index.query(Index.java:169)
	at org.eclipse.jdt.internal.core.search.matching.TypeDeclarationPattern.queryIn(TypeDeclarationPattern.java:353)
	at org.eclipse.jdt.core.search.SearchPattern.findIndexMatches(SearchPattern.java:2517)
	at org.eclipse.jdt.core.search.SearchPattern.findIndexMatches(SearchPattern.java:2489)
	at org.eclipse.jdt.internal.core.search.matching.MatchLocator.findIndexMatches(MatchLocator.java:310)
	at org.eclipse.jdt.internal.core.search.PatternSearchJob.search(PatternSearchJob.java:240)
	at org.eclipse.jdt.internal.core.search.PatternSearchJob.search(PatternSearchJob.java:214)
	at org.eclipse.jdt.internal.core.search.PatternSearchJob.lambda$0(PatternSearchJob.java:150)
	at java.base/java.util.concurrent.ForkJoinTask$AdaptedCallable.exec(ForkJoinTask.java:1428)
	at java.base/java.util.concurrent.ForkJoinTask.doExec(ForkJoinTask.java:373)
	at java.base/java.util.concurrent.ForkJoinTask.awaitDone(ForkJoinTask.java:436)
	at java.base/java.util.concurrent.ForkJoinTask.get(ForkJoinTask.java:979)
	at org.eclipse.jdt.internal.core.search.PatternSearchJob.performParallelSearch(PatternSearchJob.java:156)
	at org.eclipse.jdt.internal.core.search.PatternSearchJob.execute(PatternSearchJob.java:117)
	at org.eclipse.jdt.internal.core.search.processing.JobManager.performConcurrentJob(JobManager.java:384)
	at org.eclipse.jdt.internal.core.search.BasicSearchEngine.searchAllTypeNames(BasicSearchEngine.java:1921)
	at org.eclipse.jdt.internal.core.SearchableEnvironment.findTypes(SearchableEnvironment.java:703)
	at org.eclipse.jdt.internal.codeassist.CompletionEngine.findTypesAndPackages(CompletionEngine.java:11928)
	at org.eclipse.jdt.internal.codeassist.CompletionEngine.completionOnSingleNameReference(CompletionEngine.java:4026)
	at org.eclipse.jdt.internal.codeassist.CompletionEngine.complete(CompletionEngine.java:2019)
	at org.eclipse.jdt.internal.codeassist.CompletionEngine.complete(CompletionEngine.java:2352)
	at org.eclipse.jdt.internal.core.Openable.codeComplete(Openable.java:136)
	at org.eclipse.jdt.internal.core.CompilationUnit.codeComplete(CompilationUnit.java:367)
	at org.eclipse.jdt.internal.core.CompilationUnit.codeComplete(CompilationUnit.java:357)
	at org.eclipse.jdt.internal.ui.text.java.JavaCompletionProposalComputer.internalComputeCompletionProposals(JavaCompletionProposalComputer.java:256)
	at org.eclipse.jdt.internal.ui.text.java.JavaCompletionProposalComputer.computeCompletionProposals(JavaCompletionProposalComputer.java:218)
	at org.eclipse.jdt.internal.ui.text.java.JavaTypeCompletionProposalComputer.computeCompletionProposals(JavaTypeCompletionProposalComputer.java:65)
	at org.eclipse.mylyn.internal.java.ui.editor.FocusedJavaAllProposalComputer.computeCompletionProposals(FocusedJavaAllProposalComputer.java:42)
	at org.eclipse.jdt.internal.ui.text.java.CompletionProposalComputerDescriptor.computeCompletionProposals(CompletionProposalComputerDescriptor.java:348)
	at org.eclipse.jdt.internal.ui.text.java.CompletionProposalCategory.computeCompletionProposals(CompletionProposalCategory.java:340)
	at org.eclipse.jdt.internal.ui.text.java.ContentAssistProcessor.collectProposals(ContentAssistProcessor.java:333)
	at org.eclipse.jdt.internal.ui.text.java.ContentAssistProcessor.computeCompletionProposals(ContentAssistProcessor.java:289)
	at org.eclipse.jface.text.contentassist.AsyncCompletionProposalPopup.lambda$10(AsyncCompletionProposalPopup.java:378)
	at org.eclipse.core.runtime.SafeRunner.run(SafeRunner.java:47)
	at org.eclipse.jface.text.contentassist.AsyncCompletionProposalPopup.lambda$9(AsyncCompletionProposalPopup.java:377)
	at java.base/java.util.concurrent.CompletableFuture$AsyncSupply.run(CompletableFuture.java:1768)
	at java.base/java.util.concurrent.CompletableFuture$AsyncSupply.exec(CompletableFuture.java:1760)
	at java.base/java.util.concurrent.ForkJoinTask.doExec(ForkJoinTask.java:373)
	at java.base/java.util.concurrent.ForkJoinPool$WorkQueue.topLevelExec(ForkJoinPool.java:1182)
	at java.base/java.util.concurrent.ForkJoinPool.scan(ForkJoinPool.java:1655)
	at java.base/java.util.concurrent.ForkJoinPool.runWorker(ForkJoinPool.java:1622)
	at java.base/java.util.concurrent.ForkJoinWorkerThread.run(ForkJoinWorkerThread.java:165)
Caused by: java.lang.OutOfMemoryError: Java heap space

!ENTRY org.eclipse.jdt.core 4 4 2023-12-18 22:14:37.458
!MESSAGE Search failed for index Index for /exercicios
!STACK 0
java.io.IOException: Failed to read index data from file:/C:/Users/vitor/OneDrive/Dev/dev-projetos/Udemy/Java-cod3r/.metadata/.plugins/org.eclipse.jdt.core/3654592591.index at offset 8185 and size 1778384896
	at org.eclipse.jdt.internal.core.index.DiskIndex.readCategoryTable(DiskIndex.java:686)
	at org.eclipse.jdt.internal.core.index.DiskIndex.addQueryResults(DiskIndex.java:239)
	at org.eclipse.jdt.internal.core.index.Index.query(Index.java:169)
	at org.eclipse.jdt.internal.core.search.matching.TypeDeclarationPattern.queryIn(TypeDeclarationPattern.java:353)
	at org.eclipse.jdt.core.search.SearchPattern.findIndexMatches(SearchPattern.java:2517)
	at org.eclipse.jdt.core.search.SearchPattern.findIndexMatches(SearchPattern.java:2489)
	at org.eclipse.jdt.internal.core.search.matching.MatchLocator.findIndexMatches(MatchLocator.java:310)
	at org.eclipse.jdt.internal.core.search.PatternSearchJob.search(PatternSearchJob.java:240)
	at org.eclipse.jdt.internal.core.search.PatternSearchJob.search(PatternSearchJob.java:214)
	at org.eclipse.jdt.internal.core.search.PatternSearchJob.lambda$0(PatternSearchJob.java:150)
	at java.base/java.util.concurrent.ForkJoinTask$AdaptedCallable.exec(ForkJoinTask.java:1428)
	at java.base/java.util.concurrent.ForkJoinTask.doExec(ForkJoinTask.java:373)
	at java.base/java.util.concurrent.ForkJoinTask.awaitDone(ForkJoinTask.java:436)
	at java.base/java.util.concurrent.ForkJoinTask.get(ForkJoinTask.java:979)
	at org.eclipse.jdt.internal.core.search.PatternSearchJob.performParallelSearch(PatternSearchJob.java:156)
	at org.eclipse.jdt.internal.core.search.PatternSearchJob.execute(PatternSearchJob.java:117)
	at org.eclipse.jdt.internal.core.search.processing.JobManager.performConcurrentJob(JobManager.java:384)
	at org.eclipse.jdt.internal.core.search.BasicSearchEngine.searchAllTypeNames(BasicSearchEngine.java:1921)
	at org.eclipse.jdt.internal.core.SearchableEnvironment.findTypes(SearchableEnvironment.java:703)
	at org.eclipse.jdt.internal.codeassist.CompletionEngine.findTypesAndPackages(CompletionEngine.java:11928)
	at org.eclipse.jdt.internal.codeassist.CompletionEngine.completionOnSingleNameReference(CompletionEngine.java:4026)
	at org.eclipse.jdt.internal.codeassist.CompletionEngine.complete(CompletionEngine.java:2019)
	at org.eclipse.jdt.internal.codeassist.CompletionEngine.complete(CompletionEngine.java:2352)
	at org.eclipse.jdt.internal.core.Openable.codeComplete(Openable.java:136)
	at org.eclipse.jdt.internal.core.CompilationUnit.codeComplete(CompilationUnit.java:367)
	at org.eclipse.jdt.internal.core.CompilationUnit.codeComplete(CompilationUnit.java:357)
	at org.eclipse.jdt.internal.ui.text.java.JavaCompletionProposalComputer.internalComputeCompletionProposals(JavaCompletionProposalComputer.java:256)
	at org.eclipse.jdt.internal.ui.text.java.JavaCompletionProposalComputer.computeCompletionProposals(JavaCompletionProposalComputer.java:218)
	at org.eclipse.jdt.internal.ui.text.java.JavaTypeCompletionProposalComputer.computeCompletionProposals(JavaTypeCompletionProposalComputer.java:65)
	at org.eclipse.mylyn.internal.java.ui.editor.FocusedJavaAllProposalComputer.computeCompletionProposals(FocusedJavaAllProposalComputer.java:42)
	at org.eclipse.jdt.internal.ui.text.java.CompletionProposalComputerDescriptor.computeCompletionProposals(CompletionProposalComputerDescriptor.java:348)
	at org.eclipse.jdt.internal.ui.text.java.CompletionProposalCategory.computeCompletionProposals(CompletionProposalCategory.java:340)
	at org.eclipse.jdt.internal.ui.text.java.ContentAssistProcessor.collectProposals(ContentAssistProcessor.java:333)
	at org.eclipse.jdt.internal.ui.text.java.ContentAssistProcessor.computeCompletionProposals(ContentAssistProcessor.java:289)
	at org.eclipse.jface.text.contentassist.AsyncCompletionProposalPopup.lambda$10(AsyncCompletionProposalPopup.java:378)
	at org.eclipse.core.runtime.SafeRunner.run(SafeRunner.java:47)
	at org.eclipse.jface.text.contentassist.AsyncCompletionProposalPopup.lambda$9(AsyncCompletionProposalPopup.java:377)
	at java.base/java.util.concurrent.CompletableFuture$AsyncSupply.run(CompletableFuture.java:1768)
	at java.base/java.util.concurrent.CompletableFuture$AsyncSupply.exec(CompletableFuture.java:1760)
	at java.base/java.util.concurrent.ForkJoinTask.doExec(ForkJoinTask.java:373)
	at java.base/java.util.concurrent.ForkJoinPool$WorkQueue.topLevelExec(ForkJoinPool.java:1182)
	at java.base/java.util.concurrent.ForkJoinPool.scan(ForkJoinPool.java:1655)
	at java.base/java.util.concurrent.ForkJoinPool.runWorker(ForkJoinPool.java:1622)
	at java.base/java.util.concurrent.ForkJoinWorkerThread.run(ForkJoinWorkerThread.java:165)
Caused by: java.lang.OutOfMemoryError: Java heap space

!ENTRY org.eclipse.jdt.core 4 4 2023-12-18 22:14:43.565
!MESSAGE Search failed for index Index for /exercicios
!STACK 0
java.io.IOException: Failed to read index data from file:/C:/Users/vitor/OneDrive/Dev/dev-projetos/Udemy/Java-cod3r/.metadata/.plugins/org.eclipse.jdt.core/3654592591.index at offset 8185 and size 1778384896
	at org.eclipse.jdt.internal.core.index.DiskIndex.readCategoryTable(DiskIndex.java:686)
	at org.eclipse.jdt.internal.core.index.DiskIndex.addQueryResults(DiskIndex.java:239)
	at org.eclipse.jdt.internal.core.index.Index.query(Index.java:169)
	at org.eclipse.jdt.internal.core.search.matching.TypeDeclarationPattern.queryIn(TypeDeclarationPattern.java:353)
	at org.eclipse.jdt.core.search.SearchPattern.findIndexMatches(SearchPattern.java:2517)
	at org.eclipse.jdt.core.search.SearchPattern.findIndexMatches(SearchPattern.java:2489)
	at org.eclipse.jdt.internal.core.search.matching.MatchLocator.findIndexMatches(MatchLocator.java:310)
	at org.eclipse.jdt.internal.core.search.PatternSearchJob.search(PatternSearchJob.java:240)
	at org.eclipse.jdt.internal.core.search.PatternSearchJob.search(PatternSearchJob.java:214)
	at org.eclipse.jdt.internal.core.search.PatternSearchJob.lambda$0(PatternSearchJob.java:150)
	at java.base/java.util.concurrent.ForkJoinTask$AdaptedCallable.exec(ForkJoinTask.java:1428)
	at java.base/java.util.concurrent.ForkJoinTask.doExec(ForkJoinTask.java:373)
	at java.base/java.util.concurrent.ForkJoinTask.awaitDone(ForkJoinTask.java:436)
	at java.base/java.util.concurrent.ForkJoinTask.get(ForkJoinTask.java:979)
	at org.eclipse.jdt.internal.core.search.PatternSearchJob.performParallelSearch(PatternSearchJob.java:156)
	at org.eclipse.jdt.internal.core.search.PatternSearchJob.execute(PatternSearchJob.java:117)
	at org.eclipse.jdt.internal.core.search.processing.JobManager.performConcurrentJob(JobManager.java:384)
	at org.eclipse.jdt.internal.core.search.BasicSearchEngine.searchAllTypeNames(BasicSearchEngine.java:1921)
	at org.eclipse.jdt.internal.core.SearchableEnvironment.findTypes(SearchableEnvironment.java:703)
	at org.eclipse.jdt.internal.codeassist.CompletionEngine.findTypesAndPackages(CompletionEngine.java:11928)
	at org.eclipse.jdt.internal.codeassist.CompletionEngine.completionOnSingleNameReference(CompletionEngine.java:4026)
	at org.eclipse.jdt.internal.codeassist.CompletionEngine.complete(CompletionEngine.java:2019)
	at org.eclipse.jdt.internal.codeassist.CompletionEngine.complete(CompletionEngine.java:2352)
	at org.eclipse.jdt.internal.core.Openable.codeComplete(Openable.java:136)
	at org.eclipse.jdt.internal.core.CompilationUnit.codeComplete(CompilationUnit.java:367)
	at org.eclipse.jdt.internal.core.CompilationUnit.codeComplete(CompilationUnit.java:357)
	at org.eclipse.jdt.internal.ui.text.java.JavaCompletionProposalComputer.internalComputeCompletionProposals(JavaCompletionProposalComputer.java:256)
	at org.eclipse.jdt.internal.ui.text.java.JavaCompletionProposalComputer.computeCompletionProposals(JavaCompletionProposalComputer.java:218)
	at org.eclipse.jdt.internal.ui.text.java.JavaTypeCompletionProposalComputer.computeCompletionProposals(JavaTypeCompletionProposalComputer.java:65)
	at org.eclipse.mylyn.internal.java.ui.editor.FocusedJavaAllProposalComputer.computeCompletionProposals(FocusedJavaAllProposalComputer.java:42)
	at org.eclipse.jdt.internal.ui.text.java.CompletionProposalComputerDescriptor.computeCompletionProposals(CompletionProposalComputerDescriptor.java:348)
	at org.eclipse.jdt.internal.ui.text.java.CompletionProposalCategory.computeCompletionProposals(CompletionProposalCategory.java:340)
	at org.eclipse.jdt.internal.ui.text.java.ContentAssistProcessor.collectProposals(ContentAssistProcessor.java:333)
	at org.eclipse.jdt.internal.ui.text.java.ContentAssistProcessor.computeCompletionProposals(ContentAssistProcessor.java:289)
	at org.eclipse.jface.text.contentassist.AsyncCompletionProposalPopup.lambda$10(AsyncCompletionProposalPopup.java:378)
	at org.eclipse.core.runtime.SafeRunner.run(SafeRunner.java:47)
	at org.eclipse.jface.text.contentassist.AsyncCompletionProposalPopup.lambda$9(AsyncCompletionProposalPopup.java:377)
	at java.base/java.util.concurrent.CompletableFuture$AsyncSupply.run(CompletableFuture.java:1768)
	at java.base/java.util.concurrent.CompletableFuture$AsyncSupply.exec(CompletableFuture.java:1760)
	at java.base/java.util.concurrent.ForkJoinTask.doExec(ForkJoinTask.java:373)
	at java.base/java.util.concurrent.ForkJoinPool$WorkQueue.topLevelExec(ForkJoinPool.java:1182)
	at java.base/java.util.concurrent.ForkJoinPool.scan(ForkJoinPool.java:1655)
	at java.base/java.util.concurrent.ForkJoinPool.runWorker(ForkJoinPool.java:1622)
	at java.base/java.util.concurrent.ForkJoinWorkerThread.run(ForkJoinWorkerThread.java:165)
Caused by: java.lang.OutOfMemoryError: Java heap space

!ENTRY org.eclipse.jdt.core 4 4 2023-12-18 22:14:48.721
!MESSAGE Search failed for index Index for /exercicios
!STACK 0
java.io.IOException: Failed to read index data from file:/C:/Users/vitor/OneDrive/Dev/dev-projetos/Udemy/Java-cod3r/.metadata/.plugins/org.eclipse.jdt.core/3654592591.index at offset 8185 and size 1778384896
	at org.eclipse.jdt.internal.core.index.DiskIndex.readCategoryTable(DiskIndex.java:686)
	at org.eclipse.jdt.internal.core.index.DiskIndex.addQueryResults(DiskIndex.java:239)
	at org.eclipse.jdt.internal.core.index.Index.query(Index.java:169)
	at org.eclipse.jdt.internal.core.search.matching.TypeDeclarationPattern.queryIn(TypeDeclarationPattern.java:353)
	at org.eclipse.jdt.core.search.SearchPattern.findIndexMatches(SearchPattern.java:2517)
	at org.eclipse.jdt.core.search.SearchPattern.findIndexMatches(SearchPattern.java:2489)
	at org.eclipse.jdt.internal.core.search.matching.MatchLocator.findIndexMatches(MatchLocator.java:310)
	at org.eclipse.jdt.internal.core.search.PatternSearchJob.search(PatternSearchJob.java:240)
	at org.eclipse.jdt.internal.core.search.PatternSearchJob.search(PatternSearchJob.java:214)
	at org.eclipse.jdt.internal.core.search.PatternSearchJob.lambda$0(PatternSearchJob.java:150)
	at java.base/java.util.concurrent.ForkJoinTask$AdaptedCallable.exec(ForkJoinTask.java:1428)
	at java.base/java.util.concurrent.ForkJoinTask.doExec(ForkJoinTask.java:373)
	at java.base/java.util.concurrent.ForkJoinTask.awaitDone(ForkJoinTask.java:436)
	at java.base/java.util.concurrent.ForkJoinTask.get(ForkJoinTask.java:979)
	at org.eclipse.jdt.internal.core.search.PatternSearchJob.performParallelSearch(PatternSearchJob.java:156)
	at org.eclipse.jdt.internal.core.search.PatternSearchJob.execute(PatternSearchJob.java:117)
	at org.eclipse.jdt.internal.core.search.processing.JobManager.performConcurrentJob(JobManager.java:384)
	at org.eclipse.jdt.internal.core.search.BasicSearchEngine.searchAllTypeNames(BasicSearchEngine.java:1921)
	at org.eclipse.jdt.internal.core.SearchableEnvironment.findTypes(SearchableEnvironment.java:703)
	at org.eclipse.jdt.internal.codeassist.CompletionEngine.findTypesAndPackages(CompletionEngine.java:11928)
	at org.eclipse.jdt.internal.codeassist.CompletionEngine.completionOnSingleNameReference(CompletionEngine.java:4026)
	at org.eclipse.jdt.internal.codeassist.CompletionEngine.complete(CompletionEngine.java:2019)
	at org.eclipse.jdt.internal.codeassist.CompletionEngine.complete(CompletionEngine.java:2352)
	at org.eclipse.jdt.internal.core.Openable.codeComplete(Openable.java:136)
	at org.eclipse.jdt.internal.core.CompilationUnit.codeComplete(CompilationUnit.java:367)
	at org.eclipse.jdt.internal.core.CompilationUnit.codeComplete(CompilationUnit.java:357)
	at org.eclipse.jdt.internal.ui.text.java.JavaCompletionProposalComputer.internalComputeCompletionProposals(JavaCompletionProposalComputer.java:256)
	at org.eclipse.jdt.internal.ui.text.java.JavaCompletionProposalComputer.computeCompletionProposals(JavaCompletionProposalComputer.java:218)
	at org.eclipse.jdt.internal.ui.text.java.JavaTypeCompletionProposalComputer.computeCompletionProposals(JavaTypeCompletionProposalComputer.java:65)
	at org.eclipse.mylyn.internal.java.ui.editor.FocusedJavaAllProposalComputer.computeCompletionProposals(FocusedJavaAllProposalComputer.java:42)
	at org.eclipse.jdt.internal.ui.text.java.CompletionProposalComputerDescriptor.computeCompletionProposals(CompletionProposalComputerDescriptor.java:348)
	at org.eclipse.jdt.internal.ui.text.java.CompletionProposalCategory.computeCompletionProposals(CompletionProposalCategory.java:340)
	at org.eclipse.jdt.internal.ui.text.java.ContentAssistProcessor.collectProposals(ContentAssistProcessor.java:333)
	at org.eclipse.jdt.internal.ui.text.java.ContentAssistProcessor.computeCompletionProposals(ContentAssistProcessor.java:289)
	at org.eclipse.jface.text.contentassist.AsyncCompletionProposalPopup.lambda$10(AsyncCompletionProposalPopup.java:378)
	at org.eclipse.core.runtime.SafeRunner.run(SafeRunner.java:47)
	at org.eclipse.jface.text.contentassist.AsyncCompletionProposalPopup.lambda$9(AsyncCompletionProposalPopup.java:377)
	at java.base/java.util.concurrent.CompletableFuture$AsyncSupply.run(CompletableFuture.java:1768)
	at java.base/java.util.concurrent.CompletableFuture$AsyncSupply.exec(CompletableFuture.java:1760)
	at java.base/java.util.concurrent.ForkJoinTask.doExec(ForkJoinTask.java:373)
	at java.base/java.util.concurrent.ForkJoinPool$WorkQueue.topLevelExec(ForkJoinPool.java:1182)
	at java.base/java.util.concurrent.ForkJoinPool.scan(ForkJoinPool.java:1655)
	at java.base/java.util.concurrent.ForkJoinPool.runWorker(ForkJoinPool.java:1622)
	at java.base/java.util.concurrent.ForkJoinWorkerThread.run(ForkJoinWorkerThread.java:165)
Caused by: java.lang.OutOfMemoryError: Java heap space

!ENTRY org.eclipse.jdt.core 4 4 2023-12-18 22:14:49.506
!MESSAGE Search failed for index Index for /exercicios
!STACK 0
java.io.IOException: Failed to read index data from file:/C:/Users/vitor/OneDrive/Dev/dev-projetos/Udemy/Java-cod3r/.metadata/.plugins/org.eclipse.jdt.core/3654592591.index at offset 8185 and size 1778384896
	at org.eclipse.jdt.internal.core.index.DiskIndex.readCategoryTable(DiskIndex.java:686)
	at org.eclipse.jdt.internal.core.index.DiskIndex.addQueryResults(DiskIndex.java:239)
	at org.eclipse.jdt.internal.core.index.Index.query(Index.java:169)
	at org.eclipse.jdt.internal.core.search.matching.TypeDeclarationPattern.queryIn(TypeDeclarationPattern.java:353)
	at org.eclipse.jdt.core.search.SearchPattern.findIndexMatches(SearchPattern.java:2517)
	at org.eclipse.jdt.core.search.SearchPattern.findIndexMatches(SearchPattern.java:2489)
	at org.eclipse.jdt.internal.core.search.matching.MatchLocator.findIndexMatches(MatchLocator.java:310)
	at org.eclipse.jdt.internal.core.search.PatternSearchJob.search(PatternSearchJob.java:240)
	at org.eclipse.jdt.internal.core.search.PatternSearchJob.search(PatternSearchJob.java:214)
	at org.eclipse.jdt.internal.core.search.PatternSearchJob.lambda$0(PatternSearchJob.java:150)
	at java.base/java.util.concurrent.ForkJoinTask$AdaptedCallable.exec(ForkJoinTask.java:1428)
	at java.base/java.util.concurrent.ForkJoinTask.doExec(ForkJoinTask.java:373)
	at java.base/java.util.concurrent.ForkJoinTask.awaitDone(ForkJoinTask.java:436)
	at java.base/java.util.concurrent.ForkJoinTask.get(ForkJoinTask.java:979)
	at org.eclipse.jdt.internal.core.search.PatternSearchJob.performParallelSearch(PatternSearchJob.java:156)
	at org.eclipse.jdt.internal.core.search.PatternSearchJob.execute(PatternSearchJob.java:117)
	at org.eclipse.jdt.internal.core.search.processing.JobManager.performConcurrentJob(JobManager.java:384)
	at org.eclipse.jdt.internal.core.search.BasicSearchEngine.searchAllTypeNames(BasicSearchEngine.java:1921)
	at org.eclipse.jdt.internal.core.SearchableEnvironment.findTypes(SearchableEnvironment.java:703)
	at org.eclipse.jdt.internal.codeassist.CompletionEngine.findTypesAndPackages(CompletionEngine.java:11928)
	at org.eclipse.jdt.internal.codeassist.CompletionEngine.completionOnSingleNameReference(CompletionEngine.java:4026)
	at org.eclipse.jdt.internal.codeassist.CompletionEngine.complete(CompletionEngine.java:2019)
	at org.eclipse.jdt.internal.codeassist.CompletionEngine.complete(CompletionEngine.java:2352)
	at org.eclipse.jdt.internal.core.Openable.codeComplete(Openable.java:136)
	at org.eclipse.jdt.internal.core.CompilationUnit.codeComplete(CompilationUnit.java:367)
	at org.eclipse.jdt.internal.core.CompilationUnit.codeComplete(CompilationUnit.java:357)
	at org.eclipse.jdt.internal.ui.text.java.JavaCompletionProposalComputer.internalComputeCompletionProposals(JavaCompletionProposalComputer.java:256)
	at org.eclipse.jdt.internal.ui.text.java.JavaCompletionProposalComputer.computeCompletionProposals(JavaCompletionProposalComputer.java:218)
	at org.eclipse.jdt.internal.ui.text.java.JavaTypeCompletionProposalComputer.computeCompletionProposals(JavaTypeCompletionProposalComputer.java:65)
	at org.eclipse.mylyn.internal.java.ui.editor.FocusedJavaAllProposalComputer.computeCompletionProposals(FocusedJavaAllProposalComputer.java:42)
	at org.eclipse.jdt.internal.ui.text.java.CompletionProposalComputerDescriptor.computeCompletionProposals(CompletionProposalComputerDescriptor.java:348)
	at org.eclipse.jdt.internal.ui.text.java.CompletionProposalCategory.computeCompletionProposals(CompletionProposalCategory.java:340)
	at org.eclipse.jdt.internal.ui.text.java.ContentAssistProcessor.collectProposals(ContentAssistProcessor.java:333)
	at org.eclipse.jdt.internal.ui.text.java.ContentAssistProcessor.computeCompletionProposals(ContentAssistProcessor.java:289)
	at org.eclipse.jface.text.contentassist.AsyncCompletionProposalPopup.lambda$10(AsyncCompletionProposalPopup.java:378)
	at org.eclipse.core.runtime.SafeRunner.run(SafeRunner.java:47)
	at org.eclipse.jface.text.contentassist.AsyncCompletionProposalPopup.lambda$9(AsyncCompletionProposalPopup.java:377)
	at java.base/java.util.concurrent.CompletableFuture$AsyncSupply.run(CompletableFuture.java:1768)
	at java.base/java.util.concurrent.CompletableFuture$AsyncSupply.exec(CompletableFuture.java:1760)
	at java.base/java.util.concurrent.ForkJoinTask.doExec(ForkJoinTask.java:373)
	at java.base/java.util.concurrent.ForkJoinPool$WorkQueue.topLevelExec(ForkJoinPool.java:1182)
	at java.base/java.util.concurrent.ForkJoinPool.scan(ForkJoinPool.java:1655)
	at java.base/java.util.concurrent.ForkJoinPool.runWorker(ForkJoinPool.java:1622)
	at java.base/java.util.concurrent.ForkJoinWorkerThread.run(ForkJoinWorkerThread.java:165)
Caused by: java.lang.OutOfMemoryError: Java heap space

!ENTRY org.eclipse.jdt.core 4 4 2023-12-18 22:14:58.059
!MESSAGE Search failed for index Index for /exercicios
!STACK 0
java.io.IOException: Failed to read index data from file:/C:/Users/vitor/OneDrive/Dev/dev-projetos/Udemy/Java-cod3r/.metadata/.plugins/org.eclipse.jdt.core/3654592591.index at offset 8185 and size 1778384896
	at org.eclipse.jdt.internal.core.index.DiskIndex.readCategoryTable(DiskIndex.java:686)
	at org.eclipse.jdt.internal.core.index.DiskIndex.addQueryResults(DiskIndex.java:239)
	at org.eclipse.jdt.internal.core.index.Index.query(Index.java:169)
	at org.eclipse.jdt.internal.core.search.matching.TypeDeclarationPattern.queryIn(TypeDeclarationPattern.java:353)
	at org.eclipse.jdt.core.search.SearchPattern.findIndexMatches(SearchPattern.java:2517)
	at org.eclipse.jdt.core.search.SearchPattern.findIndexMatches(SearchPattern.java:2489)
	at org.eclipse.jdt.internal.core.search.matching.MatchLocator.findIndexMatches(MatchLocator.java:310)
	at org.eclipse.jdt.internal.core.search.PatternSearchJob.search(PatternSearchJob.java:240)
	at org.eclipse.jdt.internal.core.search.PatternSearchJob.search(PatternSearchJob.java:214)
	at org.eclipse.jdt.internal.core.search.PatternSearchJob.lambda$0(PatternSearchJob.java:150)
	at java.base/java.util.concurrent.ForkJoinTask$AdaptedCallable.exec(ForkJoinTask.java:1428)
	at java.base/java.util.concurrent.ForkJoinTask.doExec(ForkJoinTask.java:373)
	at java.base/java.util.concurrent.ForkJoinTask.awaitDone(ForkJoinTask.java:436)
	at java.base/java.util.concurrent.ForkJoinTask.get(ForkJoinTask.java:979)
	at org.eclipse.jdt.internal.core.search.PatternSearchJob.performParallelSearch(PatternSearchJob.java:156)
	at org.eclipse.jdt.internal.core.search.PatternSearchJob.execute(PatternSearchJob.java:117)
	at org.eclipse.jdt.internal.core.search.processing.JobManager.performConcurrentJob(JobManager.java:384)
	at org.eclipse.jdt.internal.core.search.BasicSearchEngine.searchAllTypeNames(BasicSearchEngine.java:1921)
	at org.eclipse.jdt.internal.core.SearchableEnvironment.findTypes(SearchableEnvironment.java:703)
	at org.eclipse.jdt.internal.codeassist.CompletionEngine.findTypesAndPackages(CompletionEngine.java:11928)
	at org.eclipse.jdt.internal.codeassist.CompletionEngine.completionOnSingleNameReference(CompletionEngine.java:4026)
	at org.eclipse.jdt.internal.codeassist.CompletionEngine.complete(CompletionEngine.java:2019)
	at org.eclipse.jdt.internal.codeassist.CompletionEngine.complete(CompletionEngine.java:2352)
	at org.eclipse.jdt.internal.core.Openable.codeComplete(Openable.java:136)
	at org.eclipse.jdt.internal.core.CompilationUnit.codeComplete(CompilationUnit.java:367)
	at org.eclipse.jdt.internal.core.CompilationUnit.codeComplete(CompilationUnit.java:357)
	at org.eclipse.jdt.internal.ui.text.java.JavaCompletionProposalComputer.internalComputeCompletionProposals(JavaCompletionProposalComputer.java:256)
	at org.eclipse.jdt.internal.ui.text.java.JavaCompletionProposalComputer.computeCompletionProposals(JavaCompletionProposalComputer.java:218)
	at org.eclipse.jdt.internal.ui.text.java.JavaTypeCompletionProposalComputer.computeCompletionProposals(JavaTypeCompletionProposalComputer.java:65)
	at org.eclipse.mylyn.internal.java.ui.editor.FocusedJavaAllProposalComputer.computeCompletionProposals(FocusedJavaAllProposalComputer.java:42)
	at org.eclipse.jdt.internal.ui.text.java.CompletionProposalComputerDescriptor.computeCompletionProposals(CompletionProposalComputerDescriptor.java:348)
	at org.eclipse.jdt.internal.ui.text.java.CompletionProposalCategory.computeCompletionProposals(CompletionProposalCategory.java:340)
	at org.eclipse.jdt.internal.ui.text.java.ContentAssistProcessor.collectProposals(ContentAssistProcessor.java:333)
	at org.eclipse.jdt.internal.ui.text.java.ContentAssistProcessor.computeCompletionProposals(ContentAssistProcessor.java:289)
	at org.eclipse.jface.text.contentassist.AsyncCompletionProposalPopup.lambda$10(AsyncCompletionProposalPopup.java:378)
	at org.eclipse.core.runtime.SafeRunner.run(SafeRunner.java:47)
	at org.eclipse.jface.text.contentassist.AsyncCompletionProposalPopup.lambda$9(AsyncCompletionProposalPopup.java:377)
	at java.base/java.util.concurrent.CompletableFuture$AsyncSupply.run(CompletableFuture.java:1768)
	at java.base/java.util.concurrent.CompletableFuture$AsyncSupply.exec(CompletableFuture.java:1760)
	at java.base/java.util.concurrent.ForkJoinTask.doExec(ForkJoinTask.java:373)
	at java.base/java.util.concurrent.ForkJoinPool$WorkQueue.topLevelExec(ForkJoinPool.java:1182)
	at java.base/java.util.concurrent.ForkJoinPool.scan(ForkJoinPool.java:1655)
	at java.base/java.util.concurrent.ForkJoinPool.runWorker(ForkJoinPool.java:1622)
	at java.base/java.util.concurrent.ForkJoinWorkerThread.run(ForkJoinWorkerThread.java:165)
Caused by: java.lang.OutOfMemoryError: Java heap space

!ENTRY org.eclipse.jdt.core 4 4 2023-12-18 22:15:11.455
!MESSAGE Search failed for index Index for /exercicios
!STACK 0
java.io.IOException: Failed to read index data from file:/C:/Users/vitor/OneDrive/Dev/dev-projetos/Udemy/Java-cod3r/.metadata/.plugins/org.eclipse.jdt.core/3654592591.index at offset 8185 and size 1778384896
	at org.eclipse.jdt.internal.core.index.DiskIndex.readCategoryTable(DiskIndex.java:686)
	at org.eclipse.jdt.internal.core.index.DiskIndex.addQueryResults(DiskIndex.java:239)
	at org.eclipse.jdt.internal.core.index.Index.query(Index.java:169)
	at org.eclipse.jdt.internal.core.search.matching.TypeDeclarationPattern.queryIn(TypeDeclarationPattern.java:353)
	at org.eclipse.jdt.core.search.SearchPattern.findIndexMatches(SearchPattern.java:2517)
	at org.eclipse.jdt.core.search.SearchPattern.findIndexMatches(SearchPattern.java:2489)
	at org.eclipse.jdt.internal.core.search.matching.MatchLocator.findIndexMatches(MatchLocator.java:310)
	at org.eclipse.jdt.internal.core.search.PatternSearchJob.search(PatternSearchJob.java:240)
	at org.eclipse.jdt.internal.core.search.PatternSearchJob.search(PatternSearchJob.java:214)
	at org.eclipse.jdt.internal.core.search.PatternSearchJob.lambda$0(PatternSearchJob.java:150)
	at java.base/java.util.concurrent.ForkJoinTask$AdaptedCallable.exec(ForkJoinTask.java:1428)
	at java.base/java.util.concurrent.ForkJoinTask.doExec(ForkJoinTask.java:373)
	at java.base/java.util.concurrent.ForkJoinTask.awaitDone(ForkJoinTask.java:436)
	at java.base/java.util.concurrent.ForkJoinTask.get(ForkJoinTask.java:979)
	at org.eclipse.jdt.internal.core.search.PatternSearchJob.performParallelSearch(PatternSearchJob.java:156)
	at org.eclipse.jdt.internal.core.search.PatternSearchJob.execute(PatternSearchJob.java:117)
	at org.eclipse.jdt.internal.core.search.processing.JobManager.performConcurrentJob(JobManager.java:384)
	at org.eclipse.jdt.internal.core.search.BasicSearchEngine.searchAllTypeNames(BasicSearchEngine.java:1921)
	at org.eclipse.jdt.internal.core.SearchableEnvironment.findTypes(SearchableEnvironment.java:703)
	at org.eclipse.jdt.internal.codeassist.CompletionEngine.findTypesAndPackages(CompletionEngine.java:11928)
	at org.eclipse.jdt.internal.codeassist.CompletionEngine.completionOnSingleNameReference(CompletionEngine.java:4026)
	at org.eclipse.jdt.internal.codeassist.CompletionEngine.complete(CompletionEngine.java:2019)
	at org.eclipse.jdt.internal.codeassist.CompletionEngine.complete(CompletionEngine.java:2352)
	at org.eclipse.jdt.internal.core.Openable.codeComplete(Openable.java:136)
	at org.eclipse.jdt.internal.core.CompilationUnit.codeComplete(CompilationUnit.java:367)
	at org.eclipse.jdt.internal.core.CompilationUnit.codeComplete(CompilationUnit.java:357)
	at org.eclipse.jdt.internal.ui.text.java.JavaCompletionProposalComputer.internalComputeCompletionProposals(JavaCompletionProposalComputer.java:256)
	at org.eclipse.jdt.internal.ui.text.java.JavaCompletionProposalComputer.computeCompletionProposals(JavaCompletionProposalComputer.java:218)
	at org.eclipse.jdt.internal.ui.text.java.JavaTypeCompletionProposalComputer.computeCompletionProposals(JavaTypeCompletionProposalComputer.java:65)
	at org.eclipse.mylyn.internal.java.ui.editor.FocusedJavaAllProposalComputer.computeCompletionProposals(FocusedJavaAllProposalComputer.java:42)
	at org.eclipse.jdt.internal.ui.text.java.CompletionProposalComputerDescriptor.computeCompletionProposals(CompletionProposalComputerDescriptor.java:348)
	at org.eclipse.jdt.internal.ui.text.java.CompletionProposalCategory.computeCompletionProposals(CompletionProposalCategory.java:340)
	at org.eclipse.jdt.internal.ui.text.java.ContentAssistProcessor.collectProposals(ContentAssistProcessor.java:333)
	at org.eclipse.jdt.internal.ui.text.java.ContentAssistProcessor.computeCompletionProposals(ContentAssistProcessor.java:289)
	at org.eclipse.jface.text.contentassist.AsyncCompletionProposalPopup.lambda$10(AsyncCompletionProposalPopup.java:378)
	at org.eclipse.core.runtime.SafeRunner.run(SafeRunner.java:47)
	at org.eclipse.jface.text.contentassist.AsyncCompletionProposalPopup.lambda$9(AsyncCompletionProposalPopup.java:377)
	at java.base/java.util.concurrent.CompletableFuture$AsyncSupply.run(CompletableFuture.java:1768)
	at java.base/java.util.concurrent.CompletableFuture$AsyncSupply.exec(CompletableFuture.java:1760)
	at java.base/java.util.concurrent.ForkJoinTask.doExec(ForkJoinTask.java:373)
	at java.base/java.util.concurrent.ForkJoinPool$WorkQueue.topLevelExec(ForkJoinPool.java:1182)
	at java.base/java.util.concurrent.ForkJoinPool.scan(ForkJoinPool.java:1655)
	at java.base/java.util.concurrent.ForkJoinPool.runWorker(ForkJoinPool.java:1622)
	at java.base/java.util.concurrent.ForkJoinWorkerThread.run(ForkJoinWorkerThread.java:165)
Caused by: java.lang.OutOfMemoryError: Java heap space

!ENTRY org.eclipse.jdt.core 4 4 2023-12-18 22:15:36.458
!MESSAGE Search failed for index Index for /exercicios
!STACK 0
java.io.IOException: Failed to read index data from file:/C:/Users/vitor/OneDrive/Dev/dev-projetos/Udemy/Java-cod3r/.metadata/.plugins/org.eclipse.jdt.core/3654592591.index at offset 8185 and size 1778384896
	at org.eclipse.jdt.internal.core.index.DiskIndex.readCategoryTable(DiskIndex.java:686)
	at org.eclipse.jdt.internal.core.index.DiskIndex.addQueryResults(DiskIndex.java:239)
	at org.eclipse.jdt.internal.core.index.Index.query(Index.java:169)
	at org.eclipse.jdt.internal.core.search.matching.TypeDeclarationPattern.queryIn(TypeDeclarationPattern.java:353)
	at org.eclipse.jdt.core.search.SearchPattern.findIndexMatches(SearchPattern.java:2517)
	at org.eclipse.jdt.core.search.SearchPattern.findIndexMatches(SearchPattern.java:2489)
	at org.eclipse.jdt.internal.core.search.matching.MatchLocator.findIndexMatches(MatchLocator.java:310)
	at org.eclipse.jdt.internal.core.search.PatternSearchJob.search(PatternSearchJob.java:240)
	at org.eclipse.jdt.internal.core.search.PatternSearchJob.search(PatternSearchJob.java:214)
	at org.eclipse.jdt.internal.core.search.PatternSearchJob.lambda$0(PatternSearchJob.java:150)
	at java.base/java.util.concurrent.ForkJoinTask$AdaptedCallable.exec(ForkJoinTask.java:1428)
	at java.base/java.util.concurrent.ForkJoinTask.doExec(ForkJoinTask.java:373)
	at java.base/java.util.concurrent.ForkJoinTask.awaitDone(ForkJoinTask.java:436)
	at java.base/java.util.concurrent.ForkJoinTask.get(ForkJoinTask.java:979)
	at org.eclipse.jdt.internal.core.search.PatternSearchJob.performParallelSearch(PatternSearchJob.java:156)
	at org.eclipse.jdt.internal.core.search.PatternSearchJob.execute(PatternSearchJob.java:117)
	at org.eclipse.jdt.internal.core.search.processing.JobManager.performConcurrentJob(JobManager.java:384)
	at org.eclipse.jdt.internal.core.search.BasicSearchEngine.searchAllTypeNames(BasicSearchEngine.java:1921)
	at org.eclipse.jdt.internal.core.SearchableEnvironment.findTypes(SearchableEnvironment.java:703)
	at org.eclipse.jdt.internal.codeassist.CompletionEngine.findTypesAndPackages(CompletionEngine.java:11928)
	at org.eclipse.jdt.internal.codeassist.CompletionEngine.completionOnSingleNameReference(CompletionEngine.java:4026)
	at org.eclipse.jdt.internal.codeassist.CompletionEngine.complete(CompletionEngine.java:2019)
	at org.eclipse.jdt.internal.codeassist.CompletionEngine.complete(CompletionEngine.java:2352)
	at org.eclipse.jdt.internal.core.Openable.codeComplete(Openable.java:136)
	at org.eclipse.jdt.internal.core.CompilationUnit.codeComplete(CompilationUnit.java:367)
	at org.eclipse.jdt.internal.core.CompilationUnit.codeComplete(CompilationUnit.java:357)
	at org.eclipse.jdt.internal.ui.text.java.JavaCompletionProposalComputer.internalComputeCompletionProposals(JavaCompletionProposalComputer.java:256)
	at org.eclipse.jdt.internal.ui.text.java.JavaCompletionProposalComputer.computeCompletionProposals(JavaCompletionProposalComputer.java:218)
	at org.eclipse.jdt.internal.ui.text.java.JavaTypeCompletionProposalComputer.computeCompletionProposals(JavaTypeCompletionProposalComputer.java:65)
	at org.eclipse.mylyn.internal.java.ui.editor.FocusedJavaAllProposalComputer.computeCompletionProposals(FocusedJavaAllProposalComputer.java:42)
	at org.eclipse.jdt.internal.ui.text.java.CompletionProposalComputerDescriptor.computeCompletionProposals(CompletionProposalComputerDescriptor.java:348)
	at org.eclipse.jdt.internal.ui.text.java.CompletionProposalCategory.computeCompletionProposals(CompletionProposalCategory.java:340)
	at org.eclipse.jdt.internal.ui.text.java.ContentAssistProcessor.collectProposals(ContentAssistProcessor.java:333)
	at org.eclipse.jdt.internal.ui.text.java.ContentAssistProcessor.computeCompletionProposals(ContentAssistProcessor.java:289)
	at org.eclipse.jface.text.contentassist.AsyncCompletionProposalPopup.lambda$10(AsyncCompletionProposalPopup.java:378)
	at org.eclipse.core.runtime.SafeRunner.run(SafeRunner.java:47)
	at org.eclipse.jface.text.contentassist.AsyncCompletionProposalPopup.lambda$9(AsyncCompletionProposalPopup.java:377)
	at java.base/java.util.concurrent.CompletableFuture$AsyncSupply.run(CompletableFuture.java:1768)
	at java.base/java.util.concurrent.CompletableFuture$AsyncSupply.exec(CompletableFuture.java:1760)
	at java.base/java.util.concurrent.ForkJoinTask.doExec(ForkJoinTask.java:373)
	at java.base/java.util.concurrent.ForkJoinPool$WorkQueue.topLevelExec(ForkJoinPool.java:1182)
	at java.base/java.util.concurrent.ForkJoinPool.scan(ForkJoinPool.java:1655)
	at java.base/java.util.concurrent.ForkJoinPool.runWorker(ForkJoinPool.java:1622)
	at java.base/java.util.concurrent.ForkJoinWorkerThread.run(ForkJoinWorkerThread.java:165)
Caused by: java.lang.OutOfMemoryError: Java heap space

!ENTRY org.eclipse.jdt.core 4 4 2023-12-18 22:15:37.378
!MESSAGE Search failed for index Index for /exercicios
!STACK 0
java.io.IOException: Failed to read index data from file:/C:/Users/vitor/OneDrive/Dev/dev-projetos/Udemy/Java-cod3r/.metadata/.plugins/org.eclipse.jdt.core/3654592591.index at offset 8185 and size 1778384896
	at org.eclipse.jdt.internal.core.index.DiskIndex.readCategoryTable(DiskIndex.java:686)
	at org.eclipse.jdt.internal.core.index.DiskIndex.addQueryResults(DiskIndex.java:239)
	at org.eclipse.jdt.internal.core.index.Index.query(Index.java:169)
	at org.eclipse.jdt.internal.core.search.matching.TypeDeclarationPattern.queryIn(TypeDeclarationPattern.java:353)
	at org.eclipse.jdt.core.search.SearchPattern.findIndexMatches(SearchPattern.java:2517)
	at org.eclipse.jdt.core.search.SearchPattern.findIndexMatches(SearchPattern.java:2489)
	at org.eclipse.jdt.internal.core.search.matching.MatchLocator.findIndexMatches(MatchLocator.java:310)
	at org.eclipse.jdt.internal.core.search.PatternSearchJob.search(PatternSearchJob.java:240)
	at org.eclipse.jdt.internal.core.search.PatternSearchJob.search(PatternSearchJob.java:214)
	at org.eclipse.jdt.internal.core.search.PatternSearchJob.lambda$0(PatternSearchJob.java:150)
	at java.base/java.util.concurrent.ForkJoinTask$AdaptedCallable.exec(ForkJoinTask.java:1428)
	at java.base/java.util.concurrent.ForkJoinTask.doExec(ForkJoinTask.java:373)
	at java.base/java.util.concurrent.ForkJoinTask.awaitDone(ForkJoinTask.java:436)
	at java.base/java.util.concurrent.ForkJoinTask.get(ForkJoinTask.java:979)
	at org.eclipse.jdt.internal.core.search.PatternSearchJob.performParallelSearch(PatternSearchJob.java:156)
	at org.eclipse.jdt.internal.core.search.PatternSearchJob.execute(PatternSearchJob.java:117)
	at org.eclipse.jdt.internal.core.search.processing.JobManager.performConcurrentJob(JobManager.java:384)
	at org.eclipse.jdt.internal.core.search.BasicSearchEngine.searchAllTypeNames(BasicSearchEngine.java:1921)
	at org.eclipse.jdt.internal.core.SearchableEnvironment.findTypes(SearchableEnvironment.java:703)
	at org.eclipse.jdt.internal.codeassist.CompletionEngine.findTypesAndPackages(CompletionEngine.java:11928)
	at org.eclipse.jdt.internal.codeassist.CompletionEngine.completionOnSingleNameReference(CompletionEngine.java:4026)
	at org.eclipse.jdt.internal.codeassist.CompletionEngine.complete(CompletionEngine.java:2019)
	at org.eclipse.jdt.internal.codeassist.CompletionEngine.complete(CompletionEngine.java:2352)
	at org.eclipse.jdt.internal.core.Openable.codeComplete(Openable.java:136)
	at org.eclipse.jdt.internal.core.CompilationUnit.codeComplete(CompilationUnit.java:367)
	at org.eclipse.jdt.internal.core.CompilationUnit.codeComplete(CompilationUnit.java:357)
	at org.eclipse.jdt.internal.ui.text.java.JavaCompletionProposalComputer.internalComputeCompletionProposals(JavaCompletionProposalComputer.java:256)
	at org.eclipse.jdt.internal.ui.text.java.JavaCompletionProposalComputer.computeCompletionProposals(JavaCompletionProposalComputer.java:218)
	at org.eclipse.jdt.internal.ui.text.java.JavaTypeCompletionProposalComputer.computeCompletionProposals(JavaTypeCompletionProposalComputer.java:65)
	at org.eclipse.mylyn.internal.java.ui.editor.FocusedJavaAllProposalComputer.computeCompletionProposals(FocusedJavaAllProposalComputer.java:42)
	at org.eclipse.jdt.internal.ui.text.java.CompletionProposalComputerDescriptor.computeCompletionProposals(CompletionProposalComputerDescriptor.java:348)
	at org.eclipse.jdt.internal.ui.text.java.CompletionProposalCategory.computeCompletionProposals(CompletionProposalCategory.java:340)
	at org.eclipse.jdt.internal.ui.text.java.ContentAssistProcessor.collectProposals(ContentAssistProcessor.java:333)
	at org.eclipse.jdt.internal.ui.text.java.ContentAssistProcessor.computeCompletionProposals(ContentAssistProcessor.java:289)
	at org.eclipse.jface.text.contentassist.AsyncCompletionProposalPopup.lambda$10(AsyncCompletionProposalPopup.java:378)
	at org.eclipse.core.runtime.SafeRunner.run(SafeRunner.java:47)
	at org.eclipse.jface.text.contentassist.AsyncCompletionProposalPopup.lambda$9(AsyncCompletionProposalPopup.java:377)
	at java.base/java.util.concurrent.CompletableFuture$AsyncSupply.run(CompletableFuture.java:1768)
	at java.base/java.util.concurrent.CompletableFuture$AsyncSupply.exec(CompletableFuture.java:1760)
	at java.base/java.util.concurrent.ForkJoinTask.doExec(ForkJoinTask.java:373)
	at java.base/java.util.concurrent.ForkJoinPool$WorkQueue.topLevelExec(ForkJoinPool.java:1182)
	at java.base/java.util.concurrent.ForkJoinPool.scan(ForkJoinPool.java:1655)
	at java.base/java.util.concurrent.ForkJoinPool.runWorker(ForkJoinPool.java:1622)
	at java.base/java.util.concurrent.ForkJoinWorkerThread.run(ForkJoinWorkerThread.java:165)
Caused by: java.lang.OutOfMemoryError: Java heap space

!ENTRY org.eclipse.jdt.core 4 4 2023-12-18 22:15:38.356
!MESSAGE Search failed for index Index for /exercicios
!STACK 0
java.io.IOException: Failed to read index data from file:/C:/Users/vitor/OneDrive/Dev/dev-projetos/Udemy/Java-cod3r/.metadata/.plugins/org.eclipse.jdt.core/3654592591.index at offset 8185 and size 1778384896
	at org.eclipse.jdt.internal.core.index.DiskIndex.readCategoryTable(DiskIndex.java:686)
	at org.eclipse.jdt.internal.core.index.DiskIndex.addQueryResults(DiskIndex.java:239)
	at org.eclipse.jdt.internal.core.index.Index.query(Index.java:169)
	at org.eclipse.jdt.internal.core.search.matching.TypeDeclarationPattern.queryIn(TypeDeclarationPattern.java:353)
	at org.eclipse.jdt.core.search.SearchPattern.findIndexMatches(SearchPattern.java:2517)
	at org.eclipse.jdt.core.search.SearchPattern.findIndexMatches(SearchPattern.java:2489)
	at org.eclipse.jdt.internal.core.search.matching.MatchLocator.findIndexMatches(MatchLocator.java:310)
	at org.eclipse.jdt.internal.core.search.PatternSearchJob.search(PatternSearchJob.java:240)
	at org.eclipse.jdt.internal.core.search.PatternSearchJob.search(PatternSearchJob.java:214)
	at org.eclipse.jdt.internal.core.search.PatternSearchJob.lambda$0(PatternSearchJob.java:150)
	at java.base/java.util.concurrent.ForkJoinTask$AdaptedCallable.exec(ForkJoinTask.java:1428)
	at java.base/java.util.concurrent.ForkJoinTask.doExec(ForkJoinTask.java:373)
	at java.base/java.util.concurrent.ForkJoinTask.awaitDone(ForkJoinTask.java:436)
	at java.base/java.util.concurrent.ForkJoinTask.get(ForkJoinTask.java:979)
	at org.eclipse.jdt.internal.core.search.PatternSearchJob.performParallelSearch(PatternSearchJob.java:156)
	at org.eclipse.jdt.internal.core.search.PatternSearchJob.execute(PatternSearchJob.java:117)
	at org.eclipse.jdt.internal.core.search.processing.JobManager.performConcurrentJob(JobManager.java:384)
	at org.eclipse.jdt.internal.core.search.BasicSearchEngine.searchAllTypeNames(BasicSearchEngine.java:1921)
	at org.eclipse.jdt.internal.core.SearchableEnvironment.findTypes(SearchableEnvironment.java:703)
	at org.eclipse.jdt.internal.codeassist.CompletionEngine.findTypesAndPackages(CompletionEngine.java:11928)
	at org.eclipse.jdt.internal.codeassist.CompletionEngine.completionOnSingleNameReference(CompletionEngine.java:4026)
	at org.eclipse.jdt.internal.codeassist.CompletionEngine.complete(CompletionEngine.java:2019)
	at org.eclipse.jdt.internal.codeassist.CompletionEngine.complete(CompletionEngine.java:2352)
	at org.eclipse.jdt.internal.core.Openable.codeComplete(Openable.java:136)
	at org.eclipse.jdt.internal.core.CompilationUnit.codeComplete(CompilationUnit.java:367)
	at org.eclipse.jdt.internal.core.CompilationUnit.codeComplete(CompilationUnit.java:357)
	at org.eclipse.jdt.internal.ui.text.java.JavaCompletionProposalComputer.internalComputeCompletionProposals(JavaCompletionProposalComputer.java:256)
	at org.eclipse.jdt.internal.ui.text.java.JavaCompletionProposalComputer.computeCompletionProposals(JavaCompletionProposalComputer.java:218)
	at org.eclipse.jdt.internal.ui.text.java.JavaTypeCompletionProposalComputer.computeCompletionProposals(JavaTypeCompletionProposalComputer.java:65)
	at org.eclipse.mylyn.internal.java.ui.editor.FocusedJavaAllProposalComputer.computeCompletionProposals(FocusedJavaAllProposalComputer.java:42)
	at org.eclipse.jdt.internal.ui.text.java.CompletionProposalComputerDescriptor.computeCompletionProposals(CompletionProposalComputerDescriptor.java:348)
	at org.eclipse.jdt.internal.ui.text.java.CompletionProposalCategory.computeCompletionProposals(CompletionProposalCategory.java:340)
	at org.eclipse.jdt.internal.ui.text.java.ContentAssistProcessor.collectProposals(ContentAssistProcessor.java:333)
	at org.eclipse.jdt.internal.ui.text.java.ContentAssistProcessor.computeCompletionProposals(ContentAssistProcessor.java:289)
	at org.eclipse.jface.text.contentassist.AsyncCompletionProposalPopup.lambda$10(AsyncCompletionProposalPopup.java:378)
	at org.eclipse.core.runtime.SafeRunner.run(SafeRunner.java:47)
	at org.eclipse.jface.text.contentassist.AsyncCompletionProposalPopup.lambda$9(AsyncCompletionProposalPopup.java:377)
	at java.base/java.util.concurrent.CompletableFuture$AsyncSupply.run(CompletableFuture.java:1768)
	at java.base/java.util.concurrent.CompletableFuture$AsyncSupply.exec(CompletableFuture.java:1760)
	at java.base/java.util.concurrent.ForkJoinTask.doExec(ForkJoinTask.java:373)
	at java.base/java.util.concurrent.ForkJoinPool$WorkQueue.topLevelExec(ForkJoinPool.java:1182)
	at java.base/java.util.concurrent.ForkJoinPool.scan(ForkJoinPool.java:1655)
	at java.base/java.util.concurrent.ForkJoinPool.runWorker(ForkJoinPool.java:1622)
	at java.base/java.util.concurrent.ForkJoinWorkerThread.run(ForkJoinWorkerThread.java:165)
Caused by: java.lang.OutOfMemoryError: Java heap space

!ENTRY org.eclipse.jdt.core 4 4 2023-12-18 22:15:40.735
!MESSAGE Search failed for index Index for /exercicios
!STACK 0
java.io.IOException: Failed to read index data from file:/C:/Users/vitor/OneDrive/Dev/dev-projetos/Udemy/Java-cod3r/.metadata/.plugins/org.eclipse.jdt.core/3654592591.index at offset 8185 and size 1778384896
	at org.eclipse.jdt.internal.core.index.DiskIndex.readCategoryTable(DiskIndex.java:686)
	at org.eclipse.jdt.internal.core.index.DiskIndex.addQueryResults(DiskIndex.java:239)
	at org.eclipse.jdt.internal.core.index.Index.query(Index.java:169)
	at org.eclipse.jdt.internal.core.search.matching.TypeDeclarationPattern.queryIn(TypeDeclarationPattern.java:353)
	at org.eclipse.jdt.core.search.SearchPattern.findIndexMatches(SearchPattern.java:2517)
	at org.eclipse.jdt.core.search.SearchPattern.findIndexMatches(SearchPattern.java:2489)
	at org.eclipse.jdt.internal.core.search.matching.MatchLocator.findIndexMatches(MatchLocator.java:310)
	at org.eclipse.jdt.internal.core.search.PatternSearchJob.search(PatternSearchJob.java:240)
	at org.eclipse.jdt.internal.core.search.PatternSearchJob.search(PatternSearchJob.java:214)
	at org.eclipse.jdt.internal.core.search.PatternSearchJob.lambda$0(PatternSearchJob.java:150)
	at java.base/java.util.concurrent.ForkJoinTask$AdaptedCallable.exec(ForkJoinTask.java:1428)
	at java.base/java.util.concurrent.ForkJoinTask.doExec(ForkJoinTask.java:373)
	at java.base/java.util.concurrent.ForkJoinTask.awaitDone(ForkJoinTask.java:436)
	at java.base/java.util.concurrent.ForkJoinTask.get(ForkJoinTask.java:979)
	at org.eclipse.jdt.internal.core.search.PatternSearchJob.performParallelSearch(PatternSearchJob.java:156)
	at org.eclipse.jdt.internal.core.search.PatternSearchJob.execute(PatternSearchJob.java:117)
	at org.eclipse.jdt.internal.core.search.processing.JobManager.performConcurrentJob(JobManager.java:384)
	at org.eclipse.jdt.internal.core.search.BasicSearchEngine.searchAllTypeNames(BasicSearchEngine.java:1921)
	at org.eclipse.jdt.internal.core.SearchableEnvironment.findTypes(SearchableEnvironment.java:703)
	at org.eclipse.jdt.internal.codeassist.CompletionEngine.findTypesAndPackages(CompletionEngine.java:11928)
	at org.eclipse.jdt.internal.codeassist.CompletionEngine.completionOnSingleNameReference(CompletionEngine.java:4026)
	at org.eclipse.jdt.internal.codeassist.CompletionEngine.complete(CompletionEngine.java:2019)
	at org.eclipse.jdt.internal.codeassist.CompletionEngine.complete(CompletionEngine.java:2352)
	at org.eclipse.jdt.internal.core.Openable.codeComplete(Openable.java:136)
	at org.eclipse.jdt.internal.core.CompilationUnit.codeComplete(CompilationUnit.java:367)
	at org.eclipse.jdt.internal.core.CompilationUnit.codeComplete(CompilationUnit.java:357)
	at org.eclipse.jdt.internal.ui.text.java.JavaCompletionProposalComputer.internalComputeCompletionProposals(JavaCompletionProposalComputer.java:256)
	at org.eclipse.jdt.internal.ui.text.java.JavaCompletionProposalComputer.computeCompletionProposals(JavaCompletionProposalComputer.java:218)
	at org.eclipse.jdt.internal.ui.text.java.JavaTypeCompletionProposalComputer.computeCompletionProposals(JavaTypeCompletionProposalComputer.java:65)
	at org.eclipse.mylyn.internal.java.ui.editor.FocusedJavaAllProposalComputer.computeCompletionProposals(FocusedJavaAllProposalComputer.java:42)
	at org.eclipse.jdt.internal.ui.text.java.CompletionProposalComputerDescriptor.computeCompletionProposals(CompletionProposalComputerDescriptor.java:348)
	at org.eclipse.jdt.internal.ui.text.java.CompletionProposalCategory.computeCompletionProposals(CompletionProposalCategory.java:340)
	at org.eclipse.jdt.internal.ui.text.java.ContentAssistProcessor.collectProposals(ContentAssistProcessor.java:333)
	at org.eclipse.jdt.internal.ui.text.java.ContentAssistProcessor.computeCompletionProposals(ContentAssistProcessor.java:289)
	at org.eclipse.jface.text.contentassist.AsyncCompletionProposalPopup.lambda$10(AsyncCompletionProposalPopup.java:378)
	at org.eclipse.core.runtime.SafeRunner.run(SafeRunner.java:47)
	at org.eclipse.jface.text.contentassist.AsyncCompletionProposalPopup.lambda$9(AsyncCompletionProposalPopup.java:377)
	at java.base/java.util.concurrent.CompletableFuture$AsyncSupply.run(CompletableFuture.java:1768)
	at java.base/java.util.concurrent.CompletableFuture$AsyncSupply.exec(CompletableFuture.java:1760)
	at java.base/java.util.concurrent.ForkJoinTask.doExec(ForkJoinTask.java:373)
	at java.base/java.util.concurrent.ForkJoinPool$WorkQueue.topLevelExec(ForkJoinPool.java:1182)
	at java.base/java.util.concurrent.ForkJoinPool.scan(ForkJoinPool.java:1655)
	at java.base/java.util.concurrent.ForkJoinPool.runWorker(ForkJoinPool.java:1622)
	at java.base/java.util.concurrent.ForkJoinWorkerThread.run(ForkJoinWorkerThread.java:165)
Caused by: java.lang.OutOfMemoryError: Java heap space

!ENTRY org.eclipse.jdt.core 4 4 2023-12-18 22:15:41.938
!MESSAGE Search failed for index Index for /exercicios
!STACK 0
java.io.IOException: Failed to read index data from file:/C:/Users/vitor/OneDrive/Dev/dev-projetos/Udemy/Java-cod3r/.metadata/.plugins/org.eclipse.jdt.core/3654592591.index at offset 8185 and size 1778384896
	at org.eclipse.jdt.internal.core.index.DiskIndex.readCategoryTable(DiskIndex.java:686)
	at org.eclipse.jdt.internal.core.index.DiskIndex.addQueryResults(DiskIndex.java:239)
	at org.eclipse.jdt.internal.core.index.Index.query(Index.java:169)
	at org.eclipse.jdt.internal.core.search.matching.TypeDeclarationPattern.queryIn(TypeDeclarationPattern.java:353)
	at org.eclipse.jdt.core.search.SearchPattern.findIndexMatches(SearchPattern.java:2517)
	at org.eclipse.jdt.core.search.SearchPattern.findIndexMatches(SearchPattern.java:2489)
	at org.eclipse.jdt.internal.core.search.matching.MatchLocator.findIndexMatches(MatchLocator.java:310)
	at org.eclipse.jdt.internal.core.search.PatternSearchJob.search(PatternSearchJob.java:240)
	at org.eclipse.jdt.internal.core.search.PatternSearchJob.search(PatternSearchJob.java:214)
	at org.eclipse.jdt.internal.core.search.PatternSearchJob.lambda$0(PatternSearchJob.java:150)
	at java.base/java.util.concurrent.ForkJoinTask$AdaptedCallable.exec(ForkJoinTask.java:1428)
	at java.base/java.util.concurrent.ForkJoinTask.doExec(ForkJoinTask.java:373)
	at java.base/java.util.concurrent.ForkJoinTask.awaitDone(ForkJoinTask.java:436)
	at java.base/java.util.concurrent.ForkJoinTask.get(ForkJoinTask.java:979)
	at org.eclipse.jdt.internal.core.search.PatternSearchJob.performParallelSearch(PatternSearchJob.java:156)
	at org.eclipse.jdt.internal.core.search.PatternSearchJob.execute(PatternSearchJob.java:117)
	at org.eclipse.jdt.internal.core.search.processing.JobManager.performConcurrentJob(JobManager.java:384)
	at org.eclipse.jdt.internal.core.search.BasicSearchEngine.searchAllTypeNames(BasicSearchEngine.java:1921)
	at org.eclipse.jdt.internal.core.SearchableEnvironment.findTypes(SearchableEnvironment.java:703)
	at org.eclipse.jdt.internal.codeassist.CompletionEngine.findTypesAndPackages(CompletionEngine.java:11928)
	at org.eclipse.jdt.internal.codeassist.CompletionEngine.completionOnSingleNameReference(CompletionEngine.java:4026)
	at org.eclipse.jdt.internal.codeassist.CompletionEngine.complete(CompletionEngine.java:2019)
	at org.eclipse.jdt.internal.codeassist.CompletionEngine.complete(CompletionEngine.java:2352)
	at org.eclipse.jdt.internal.core.Openable.codeComplete(Openable.java:136)
	at org.eclipse.jdt.internal.core.CompilationUnit.codeComplete(CompilationUnit.java:367)
	at org.eclipse.jdt.internal.core.CompilationUnit.codeComplete(CompilationUnit.java:357)
	at org.eclipse.jdt.internal.ui.text.java.JavaCompletionProposalComputer.internalComputeCompletionProposals(JavaCompletionProposalComputer.java:256)
	at org.eclipse.jdt.internal.ui.text.java.JavaCompletionProposalComputer.computeCompletionProposals(JavaCompletionProposalComputer.java:218)
	at org.eclipse.jdt.internal.ui.text.java.JavaTypeCompletionProposalComputer.computeCompletionProposals(JavaTypeCompletionProposalComputer.java:65)
	at org.eclipse.mylyn.internal.java.ui.editor.FocusedJavaAllProposalComputer.computeCompletionProposals(FocusedJavaAllProposalComputer.java:42)
	at org.eclipse.jdt.internal.ui.text.java.CompletionProposalComputerDescriptor.computeCompletionProposals(CompletionProposalComputerDescriptor.java:348)
	at org.eclipse.jdt.internal.ui.text.java.CompletionProposalCategory.computeCompletionProposals(CompletionProposalCategory.java:340)
	at org.eclipse.jdt.internal.ui.text.java.ContentAssistProcessor.collectProposals(ContentAssistProcessor.java:333)
	at org.eclipse.jdt.internal.ui.text.java.ContentAssistProcessor.computeCompletionProposals(ContentAssistProcessor.java:289)
	at org.eclipse.jface.text.contentassist.AsyncCompletionProposalPopup.lambda$10(AsyncCompletionProposalPopup.java:378)
	at org.eclipse.core.runtime.SafeRunner.run(SafeRunner.java:47)
	at org.eclipse.jface.text.contentassist.AsyncCompletionProposalPopup.lambda$9(AsyncCompletionProposalPopup.java:377)
	at java.base/java.util.concurrent.CompletableFuture$AsyncSupply.run(CompletableFuture.java:1768)
	at java.base/java.util.concurrent.CompletableFuture$AsyncSupply.exec(CompletableFuture.java:1760)
	at java.base/java.util.concurrent.ForkJoinTask.doExec(ForkJoinTask.java:373)
	at java.base/java.util.concurrent.ForkJoinPool$WorkQueue.topLevelExec(ForkJoinPool.java:1182)
	at java.base/java.util.concurrent.ForkJoinPool.scan(ForkJoinPool.java:1655)
	at java.base/java.util.concurrent.ForkJoinPool.runWorker(ForkJoinPool.java:1622)
	at java.base/java.util.concurrent.ForkJoinWorkerThread.run(ForkJoinWorkerThread.java:165)
Caused by: java.lang.OutOfMemoryError: Java heap space

!ENTRY org.eclipse.jdt.core 4 4 2023-12-18 22:15:43.241
!MESSAGE Search failed for index Index for /exercicios
!STACK 0
java.io.IOException: Failed to read index data from file:/C:/Users/vitor/OneDrive/Dev/dev-projetos/Udemy/Java-cod3r/.metadata/.plugins/org.eclipse.jdt.core/3654592591.index at offset 8185 and size 1778384896
	at org.eclipse.jdt.internal.core.index.DiskIndex.readCategoryTable(DiskIndex.java:686)
	at org.eclipse.jdt.internal.core.index.DiskIndex.addQueryResults(DiskIndex.java:239)
	at org.eclipse.jdt.internal.core.index.Index.query(Index.java:169)
	at org.eclipse.jdt.internal.core.search.matching.TypeDeclarationPattern.queryIn(TypeDeclarationPattern.java:353)
	at org.eclipse.jdt.core.search.SearchPattern.findIndexMatches(SearchPattern.java:2517)
	at org.eclipse.jdt.core.search.SearchPattern.findIndexMatches(SearchPattern.java:2489)
	at org.eclipse.jdt.internal.core.search.matching.MatchLocator.findIndexMatches(MatchLocator.java:310)
	at org.eclipse.jdt.internal.core.search.PatternSearchJob.search(PatternSearchJob.java:240)
	at org.eclipse.jdt.internal.core.search.PatternSearchJob.search(PatternSearchJob.java:214)
	at org.eclipse.jdt.internal.core.search.PatternSearchJob.lambda$0(PatternSearchJob.java:150)
	at java.base/java.util.concurrent.ForkJoinTask$AdaptedCallable.exec(ForkJoinTask.java:1428)
	at java.base/java.util.concurrent.ForkJoinTask.doExec(ForkJoinTask.java:373)
	at java.base/java.util.concurrent.ForkJoinTask.awaitDone(ForkJoinTask.java:436)
	at java.base/java.util.concurrent.ForkJoinTask.get(ForkJoinTask.java:979)
	at org.eclipse.jdt.internal.core.search.PatternSearchJob.performParallelSearch(PatternSearchJob.java:156)
	at org.eclipse.jdt.internal.core.search.PatternSearchJob.execute(PatternSearchJob.java:117)
	at org.eclipse.jdt.internal.core.search.processing.JobManager.performConcurrentJob(JobManager.java:384)
	at org.eclipse.jdt.internal.core.search.BasicSearchEngine.searchAllTypeNames(BasicSearchEngine.java:1921)
	at org.eclipse.jdt.internal.core.SearchableEnvironment.findTypes(SearchableEnvironment.java:703)
	at org.eclipse.jdt.internal.codeassist.CompletionEngine.findTypesAndPackages(CompletionEngine.java:11928)
	at org.eclipse.jdt.internal.codeassist.CompletionEngine.completionOnSingleNameReference(CompletionEngine.java:4026)
	at org.eclipse.jdt.internal.codeassist.CompletionEngine.complete(CompletionEngine.java:2019)
	at org.eclipse.jdt.internal.codeassist.CompletionEngine.complete(CompletionEngine.java:2352)
	at org.eclipse.jdt.internal.core.Openable.codeComplete(Openable.java:136)
	at org.eclipse.jdt.internal.core.CompilationUnit.codeComplete(CompilationUnit.java:367)
	at org.eclipse.jdt.internal.core.CompilationUnit.codeComplete(CompilationUnit.java:357)
	at org.eclipse.jdt.internal.ui.text.java.JavaCompletionProposalComputer.internalComputeCompletionProposals(JavaCompletionProposalComputer.java:256)
	at org.eclipse.jdt.internal.ui.text.java.JavaCompletionProposalComputer.computeCompletionProposals(JavaCompletionProposalComputer.java:218)
	at org.eclipse.jdt.internal.ui.text.java.JavaTypeCompletionProposalComputer.computeCompletionProposals(JavaTypeCompletionProposalComputer.java:65)
	at org.eclipse.mylyn.internal.java.ui.editor.FocusedJavaAllProposalComputer.computeCompletionProposals(FocusedJavaAllProposalComputer.java:42)
	at org.eclipse.jdt.internal.ui.text.java.CompletionProposalComputerDescriptor.computeCompletionProposals(CompletionProposalComputerDescriptor.java:348)
	at org.eclipse.jdt.internal.ui.text.java.CompletionProposalCategory.computeCompletionProposals(CompletionProposalCategory.java:340)
	at org.eclipse.jdt.internal.ui.text.java.ContentAssistProcessor.collectProposals(ContentAssistProcessor.java:333)
	at org.eclipse.jdt.internal.ui.text.java.ContentAssistProcessor.computeCompletionProposals(ContentAssistProcessor.java:289)
	at org.eclipse.jface.text.contentassist.AsyncCompletionProposalPopup.lambda$10(AsyncCompletionProposalPopup.java:378)
	at org.eclipse.core.runtime.SafeRunner.run(SafeRunner.java:47)
	at org.eclipse.jface.text.contentassist.AsyncCompletionProposalPopup.lambda$9(AsyncCompletionProposalPopup.java:377)
	at java.base/java.util.concurrent.CompletableFuture$AsyncSupply.run(CompletableFuture.java:1768)
	at java.base/java.util.concurrent.CompletableFuture$AsyncSupply.exec(CompletableFuture.java:1760)
	at java.base/java.util.concurrent.ForkJoinTask.doExec(ForkJoinTask.java:373)
	at java.base/java.util.concurrent.ForkJoinPool$WorkQueue.topLevelExec(ForkJoinPool.java:1182)
	at java.base/java.util.concurrent.ForkJoinPool.scan(ForkJoinPool.java:1655)
	at java.base/java.util.concurrent.ForkJoinPool.runWorker(ForkJoinPool.java:1622)
	at java.base/java.util.concurrent.ForkJoinWorkerThread.run(ForkJoinWorkerThread.java:165)
Caused by: java.lang.OutOfMemoryError: Java heap space

!ENTRY org.eclipse.jdt.core 4 4 2023-12-18 22:15:54.710
!MESSAGE Search failed for index Index for /exercicios
!STACK 0
java.io.IOException: Failed to read index data from file:/C:/Users/vitor/OneDrive/Dev/dev-projetos/Udemy/Java-cod3r/.metadata/.plugins/org.eclipse.jdt.core/3654592591.index at offset 8185 and size 1778384896
	at org.eclipse.jdt.internal.core.index.DiskIndex.readCategoryTable(DiskIndex.java:686)
	at org.eclipse.jdt.internal.core.index.DiskIndex.addQueryResults(DiskIndex.java:239)
	at org.eclipse.jdt.internal.core.index.Index.query(Index.java:169)
	at org.eclipse.jdt.internal.core.search.matching.TypeDeclarationPattern.queryIn(TypeDeclarationPattern.java:353)
	at org.eclipse.jdt.core.search.SearchPattern.findIndexMatches(SearchPattern.java:2517)
	at org.eclipse.jdt.core.search.SearchPattern.findIndexMatches(SearchPattern.java:2489)
	at org.eclipse.jdt.internal.core.search.matching.MatchLocator.findIndexMatches(MatchLocator.java:310)
	at org.eclipse.jdt.internal.core.search.PatternSearchJob.search(PatternSearchJob.java:240)
	at org.eclipse.jdt.internal.core.search.PatternSearchJob.search(PatternSearchJob.java:214)
	at org.eclipse.jdt.internal.core.search.PatternSearchJob.lambda$0(PatternSearchJob.java:150)
	at java.base/java.util.concurrent.ForkJoinTask$AdaptedCallable.exec(ForkJoinTask.java:1428)
	at java.base/java.util.concurrent.ForkJoinTask.doExec(ForkJoinTask.java:373)
	at java.base/java.util.concurrent.ForkJoinTask.awaitDone(ForkJoinTask.java:436)
	at java.base/java.util.concurrent.ForkJoinTask.get(ForkJoinTask.java:979)
	at org.eclipse.jdt.internal.core.search.PatternSearchJob.performParallelSearch(PatternSearchJob.java:156)
	at org.eclipse.jdt.internal.core.search.PatternSearchJob.execute(PatternSearchJob.java:117)
	at org.eclipse.jdt.internal.core.search.processing.JobManager.performConcurrentJob(JobManager.java:384)
	at org.eclipse.jdt.internal.core.search.BasicSearchEngine.searchAllTypeNames(BasicSearchEngine.java:1921)
	at org.eclipse.jdt.internal.core.SearchableEnvironment.findTypes(SearchableEnvironment.java:703)
	at org.eclipse.jdt.internal.codeassist.CompletionEngine.findTypesAndPackages(CompletionEngine.java:11928)
	at org.eclipse.jdt.internal.codeassist.CompletionEngine.completionOnSingleNameReference(CompletionEngine.java:4026)
	at org.eclipse.jdt.internal.codeassist.CompletionEngine.complete(CompletionEngine.java:2019)
	at org.eclipse.jdt.internal.codeassist.CompletionEngine.complete(CompletionEngine.java:2352)
	at org.eclipse.jdt.internal.core.Openable.codeComplete(Openable.java:136)
	at org.eclipse.jdt.internal.core.CompilationUnit.codeComplete(CompilationUnit.java:367)
	at org.eclipse.jdt.internal.core.CompilationUnit.codeComplete(CompilationUnit.java:357)
	at org.eclipse.jdt.internal.ui.text.java.JavaCompletionProposalComputer.internalComputeCompletionProposals(JavaCompletionProposalComputer.java:256)
	at org.eclipse.jdt.internal.ui.text.java.JavaCompletionProposalComputer.computeCompletionProposals(JavaCompletionProposalComputer.java:218)
	at org.eclipse.jdt.internal.ui.text.java.JavaTypeCompletionProposalComputer.computeCompletionProposals(JavaTypeCompletionProposalComputer.java:65)
	at org.eclipse.mylyn.internal.java.ui.editor.FocusedJavaAllProposalComputer.computeCompletionProposals(FocusedJavaAllProposalComputer.java:42)
	at org.eclipse.jdt.internal.ui.text.java.CompletionProposalComputerDescriptor.computeCompletionProposals(CompletionProposalComputerDescriptor.java:348)
	at org.eclipse.jdt.internal.ui.text.java.CompletionProposalCategory.computeCompletionProposals(CompletionProposalCategory.java:340)
	at org.eclipse.jdt.internal.ui.text.java.ContentAssistProcessor.collectProposals(ContentAssistProcessor.java:333)
	at org.eclipse.jdt.internal.ui.text.java.ContentAssistProcessor.computeCompletionProposals(ContentAssistProcessor.java:289)
	at org.eclipse.jface.text.contentassist.AsyncCompletionProposalPopup.lambda$10(AsyncCompletionProposalPopup.java:378)
	at org.eclipse.core.runtime.SafeRunner.run(SafeRunner.java:47)
	at org.eclipse.jface.text.contentassist.AsyncCompletionProposalPopup.lambda$9(AsyncCompletionProposalPopup.java:377)
	at java.base/java.util.concurrent.CompletableFuture$AsyncSupply.run(CompletableFuture.java:1768)
	at java.base/java.util.concurrent.CompletableFuture$AsyncSupply.exec(CompletableFuture.java:1760)
	at java.base/java.util.concurrent.ForkJoinTask.doExec(ForkJoinTask.java:373)
	at java.base/java.util.concurrent.ForkJoinPool$WorkQueue.topLevelExec(ForkJoinPool.java:1182)
	at java.base/java.util.concurrent.ForkJoinPool.scan(ForkJoinPool.java:1655)
	at java.base/java.util.concurrent.ForkJoinPool.runWorker(ForkJoinPool.java:1622)
	at java.base/java.util.concurrent.ForkJoinWorkerThread.run(ForkJoinWorkerThread.java:165)
Caused by: java.lang.OutOfMemoryError: Java heap space

!ENTRY org.eclipse.jdt.core 4 4 2023-12-18 22:15:56.872
!MESSAGE Search failed for index Index for /exercicios
!STACK 0
java.io.IOException: Failed to read index data from file:/C:/Users/vitor/OneDrive/Dev/dev-projetos/Udemy/Java-cod3r/.metadata/.plugins/org.eclipse.jdt.core/3654592591.index at offset 8185 and size 1778384896
	at org.eclipse.jdt.internal.core.index.DiskIndex.readCategoryTable(DiskIndex.java:686)
	at org.eclipse.jdt.internal.core.index.DiskIndex.addQueryResults(DiskIndex.java:239)
	at org.eclipse.jdt.internal.core.index.Index.query(Index.java:169)
	at org.eclipse.jdt.internal.core.search.matching.TypeDeclarationPattern.queryIn(TypeDeclarationPattern.java:353)
	at org.eclipse.jdt.core.search.SearchPattern.findIndexMatches(SearchPattern.java:2517)
	at org.eclipse.jdt.core.search.SearchPattern.findIndexMatches(SearchPattern.java:2489)
	at org.eclipse.jdt.internal.core.search.matching.MatchLocator.findIndexMatches(MatchLocator.java:310)
	at org.eclipse.jdt.internal.core.search.PatternSearchJob.search(PatternSearchJob.java:240)
	at org.eclipse.jdt.internal.core.search.PatternSearchJob.search(PatternSearchJob.java:214)
	at org.eclipse.jdt.internal.core.search.PatternSearchJob.lambda$0(PatternSearchJob.java:150)
	at java.base/java.util.concurrent.ForkJoinTask$AdaptedCallable.exec(ForkJoinTask.java:1428)
	at java.base/java.util.concurrent.ForkJoinTask.doExec(ForkJoinTask.java:373)
	at java.base/java.util.concurrent.ForkJoinTask.awaitDone(ForkJoinTask.java:436)
	at java.base/java.util.concurrent.ForkJoinTask.get(ForkJoinTask.java:979)
	at org.eclipse.jdt.internal.core.search.PatternSearchJob.performParallelSearch(PatternSearchJob.java:156)
	at org.eclipse.jdt.internal.core.search.PatternSearchJob.execute(PatternSearchJob.java:117)
	at org.eclipse.jdt.internal.core.search.processing.JobManager.performConcurrentJob(JobManager.java:384)
	at org.eclipse.jdt.internal.core.search.BasicSearchEngine.searchAllTypeNames(BasicSearchEngine.java:1921)
	at org.eclipse.jdt.internal.core.SearchableEnvironment.findTypes(SearchableEnvironment.java:747)
	at org.eclipse.jdt.internal.core.SearchableEnvironment.findTypes(SearchableEnvironment.java:585)
	at org.eclipse.jdt.internal.core.SearchableEnvironment.findTypes(SearchableEnvironment.java:564)
	at org.eclipse.jdt.internal.codeassist.SelectionEngine.select(SelectionEngine.java:1108)
	at org.eclipse.jdt.internal.core.Openable.codeSelect(Openable.java:167)
	at org.eclipse.jdt.internal.core.CompilationUnit.codeSelect(CompilationUnit.java:389)
	at org.eclipse.jdt.internal.core.CompilationUnit.codeSelect(CompilationUnit.java:382)
	at org.eclipse.jdt.internal.ui.text.java.hover.AbstractJavaEditorTextHover.getJavaElementsAt(AbstractJavaEditorTextHover.java:121)
	at org.eclipse.jdt.internal.ui.text.java.hover.JavadocHover.internalGetHoverInfo(JavadocHover.java:667)
	at org.eclipse.jdt.internal.ui.text.java.hover.JavadocHover.getHoverInfo2(JavadocHover.java:663)
	at org.eclipse.jdt.internal.ui.text.java.hover.BestMatchHover.getHoverInfo2(BestMatchHover.java:163)
	at org.eclipse.jdt.internal.ui.text.java.hover.BestMatchHover.getHoverInfo2(BestMatchHover.java:130)
	at org.eclipse.jdt.internal.ui.text.java.hover.JavaEditorTextHoverProxy.getHoverInfo2(JavaEditorTextHoverProxy.java:89)
	at org.eclipse.jface.text.TextViewerHoverManager$1.run(TextViewerHoverManager.java:155)
Caused by: java.lang.OutOfMemoryError: Java heap space

!ENTRY org.eclipse.jdt.core 4 4 2023-12-18 22:15:59.524
!MESSAGE Search failed for index Index for /exercicios
!STACK 0
java.io.IOException: Failed to read index data from file:/C:/Users/vitor/OneDrive/Dev/dev-projetos/Udemy/Java-cod3r/.metadata/.plugins/org.eclipse.jdt.core/3654592591.index at offset 8185 and size 1778384896
	at org.eclipse.jdt.internal.core.index.DiskIndex.readCategoryTable(DiskIndex.java:686)
	at org.eclipse.jdt.internal.core.index.DiskIndex.addQueryResults(DiskIndex.java:239)
	at org.eclipse.jdt.internal.core.index.Index.query(Index.java:169)
	at org.eclipse.jdt.internal.core.search.matching.TypeDeclarationPattern.queryIn(TypeDeclarationPattern.java:353)
	at org.eclipse.jdt.core.search.SearchPattern.findIndexMatches(SearchPattern.java:2517)
	at org.eclipse.jdt.core.search.SearchPattern.findIndexMatches(SearchPattern.java:2489)
	at org.eclipse.jdt.internal.core.search.matching.MatchLocator.findIndexMatches(MatchLocator.java:310)
	at org.eclipse.jdt.internal.core.search.PatternSearchJob.search(PatternSearchJob.java:240)
	at org.eclipse.jdt.internal.core.search.PatternSearchJob.search(PatternSearchJob.java:214)
	at org.eclipse.jdt.internal.core.search.PatternSearchJob.lambda$0(PatternSearchJob.java:150)
	at java.base/java.util.concurrent.ForkJoinTask$AdaptedCallable.exec(ForkJoinTask.java:1428)
	at java.base/java.util.concurrent.ForkJoinTask.doExec(ForkJoinTask.java:373)
	at java.base/java.util.concurrent.ForkJoinTask.awaitDone(ForkJoinTask.java:436)
	at java.base/java.util.concurrent.ForkJoinTask.get(ForkJoinTask.java:979)
	at org.eclipse.jdt.internal.core.search.PatternSearchJob.performParallelSearch(PatternSearchJob.java:156)
	at org.eclipse.jdt.internal.core.search.PatternSearchJob.execute(PatternSearchJob.java:117)
	at org.eclipse.jdt.internal.core.search.processing.JobManager.performConcurrentJob(JobManager.java:384)
	at org.eclipse.jdt.internal.core.search.BasicSearchEngine.searchAllTypeNames(BasicSearchEngine.java:1921)
	at org.eclipse.jdt.internal.core.SearchableEnvironment.findTypes(SearchableEnvironment.java:703)
	at org.eclipse.jdt.internal.codeassist.CompletionEngine.findTypesAndPackages(CompletionEngine.java:11928)
	at org.eclipse.jdt.internal.codeassist.CompletionEngine.completionOnSingleNameReference(CompletionEngine.java:4026)
	at org.eclipse.jdt.internal.codeassist.CompletionEngine.complete(CompletionEngine.java:2019)
	at org.eclipse.jdt.internal.codeassist.CompletionEngine.complete(CompletionEngine.java:2352)
	at org.eclipse.jdt.internal.core.Openable.codeComplete(Openable.java:136)
	at org.eclipse.jdt.internal.core.CompilationUnit.codeComplete(CompilationUnit.java:367)
	at org.eclipse.jdt.internal.core.CompilationUnit.codeComplete(CompilationUnit.java:357)
	at org.eclipse.jdt.internal.ui.text.correction.SimilarElementsRequestor.process(SimilarElementsRequestor.java:168)
	at org.eclipse.jdt.internal.ui.text.correction.SimilarElementsRequestor.findSimilarElement(SimilarElementsRequestor.java:113)
	at org.eclipse.jdt.internal.ui.text.correction.UnresolvedElementsSubProcessor.addSimilarTypeProposals(UnresolvedElementsSubProcessor.java:845)
	at org.eclipse.jdt.internal.ui.text.correction.UnresolvedElementsSubProcessor.getTypeProposals(UnresolvedElementsSubProcessor.java:686)
	at org.eclipse.jdt.internal.ui.text.correction.QuickFixProcessor.process(QuickFixProcessor.java:456)
	at org.eclipse.jdt.internal.ui.text.correction.QuickFixProcessor.getCorrections(QuickFixProcessor.java:379)
	at org.eclipse.jdt.internal.ui.text.correction.JavaCorrectionProcessor$SafeCorrectionCollector.safeRun(JavaCorrectionProcessor.java:384)
	at org.eclipse.jdt.internal.ui.text.correction.JavaCorrectionProcessor$SafeCorrectionProcessorAccess.run(JavaCorrectionProcessor.java:342)
	at org.eclipse.core.runtime.SafeRunner.run(SafeRunner.java:47)
	at org.eclipse.jdt.internal.ui.text.correction.JavaCorrectionProcessor$SafeCorrectionProcessorAccess.process(JavaCorrectionProcessor.java:337)
	at org.eclipse.jdt.internal.ui.text.correction.JavaCorrectionProcessor.collectCorrections(JavaCorrectionProcessor.java:470)
	at org.eclipse.jdt.internal.ui.text.java.hover.ProblemHover$ProblemInfo.getJavaAnnotationFixes(ProblemHover.java:115)
	at org.eclipse.jdt.internal.ui.text.java.hover.ProblemHover$ProblemInfo.computeCompletionProposals(ProblemHover.java:89)
	at org.eclipse.jdt.internal.ui.text.java.hover.ProblemHover$ProblemInfo.<init>(ProblemHover.java:74)
	at org.eclipse.jdt.internal.ui.text.java.hover.ProblemHover.createAnnotationInfo(ProblemHover.java:178)
	at org.eclipse.jdt.internal.ui.text.java.hover.AbstractAnnotationHover.getHoverInfo2(AbstractAnnotationHover.java:755)
	at org.eclipse.jdt.internal.ui.text.java.hover.BestMatchHover.getHoverInfo2(BestMatchHover.java:163)
	at org.eclipse.jdt.internal.ui.text.java.hover.BestMatchHover.getHoverInfo2(BestMatchHover.java:130)
	at org.eclipse.jdt.internal.ui.text.java.hover.JavaEditorTextHoverProxy.getHoverInfo2(JavaEditorTextHoverProxy.java:89)
	at org.eclipse.jface.text.TextViewerHoverManager$1.run(TextViewerHoverManager.java:155)
Caused by: java.lang.OutOfMemoryError: Java heap space

!ENTRY org.eclipse.jdt.core 4 4 2023-12-18 22:16:13.239
!MESSAGE Search failed for index Index for /exercicios
!STACK 0
java.io.IOException: Failed to read index data from file:/C:/Users/vitor/OneDrive/Dev/dev-projetos/Udemy/Java-cod3r/.metadata/.plugins/org.eclipse.jdt.core/3654592591.index at offset 8185 and size 1778384896
	at org.eclipse.jdt.internal.core.index.DiskIndex.readCategoryTable(DiskIndex.java:686)
	at org.eclipse.jdt.internal.core.index.DiskIndex.addQueryResults(DiskIndex.java:239)
	at org.eclipse.jdt.internal.core.index.Index.query(Index.java:169)
	at org.eclipse.jdt.internal.core.search.matching.TypeDeclarationPattern.queryIn(TypeDeclarationPattern.java:353)
	at org.eclipse.jdt.core.search.SearchPattern.findIndexMatches(SearchPattern.java:2517)
	at org.eclipse.jdt.core.search.SearchPattern.findIndexMatches(SearchPattern.java:2489)
	at org.eclipse.jdt.internal.core.search.matching.MatchLocator.findIndexMatches(MatchLocator.java:310)
	at org.eclipse.jdt.internal.core.search.PatternSearchJob.search(PatternSearchJob.java:240)
	at org.eclipse.jdt.internal.core.search.PatternSearchJob.search(PatternSearchJob.java:214)
	at org.eclipse.jdt.internal.core.search.PatternSearchJob.lambda$0(PatternSearchJob.java:150)
	at java.base/java.util.concurrent.ForkJoinTask$AdaptedCallable.exec(ForkJoinTask.java:1428)
	at java.base/java.util.concurrent.ForkJoinTask.doExec(ForkJoinTask.java:373)
	at java.base/java.util.concurrent.ForkJoinTask.awaitDone(ForkJoinTask.java:436)
	at java.base/java.util.concurrent.ForkJoinTask.get(ForkJoinTask.java:979)
	at org.eclipse.jdt.internal.core.search.PatternSearchJob.performParallelSearch(PatternSearchJob.java:156)
	at org.eclipse.jdt.internal.core.search.PatternSearchJob.execute(PatternSearchJob.java:117)
	at org.eclipse.jdt.internal.core.search.processing.JobManager.performConcurrentJob(JobManager.java:384)
	at org.eclipse.jdt.internal.core.search.BasicSearchEngine.searchAllTypeNames(BasicSearchEngine.java:1921)
	at org.eclipse.jdt.internal.core.SearchableEnvironment.findTypes(SearchableEnvironment.java:703)
	at org.eclipse.jdt.internal.codeassist.CompletionEngine.findTypesAndPackages(CompletionEngine.java:11928)
	at org.eclipse.jdt.internal.codeassist.CompletionEngine.completionOnSingleNameReference(CompletionEngine.java:4026)
	at org.eclipse.jdt.internal.codeassist.CompletionEngine.complete(CompletionEngine.java:2019)
	at org.eclipse.jdt.internal.codeassist.CompletionEngine.complete(CompletionEngine.java:2352)
	at org.eclipse.jdt.internal.core.Openable.codeComplete(Openable.java:136)
	at org.eclipse.jdt.internal.core.CompilationUnit.codeComplete(CompilationUnit.java:367)
	at org.eclipse.jdt.internal.core.CompilationUnit.codeComplete(CompilationUnit.java:357)
	at org.eclipse.jdt.internal.ui.text.correction.SimilarElementsRequestor.process(SimilarElementsRequestor.java:168)
	at org.eclipse.jdt.internal.ui.text.correction.SimilarElementsRequestor.findSimilarElement(SimilarElementsRequestor.java:113)
	at org.eclipse.jdt.internal.ui.text.correction.UnresolvedElementsSubProcessor.addSimilarTypeProposals(UnresolvedElementsSubProcessor.java:845)
	at org.eclipse.jdt.internal.ui.text.correction.UnresolvedElementsSubProcessor.getTypeProposals(UnresolvedElementsSubProcessor.java:686)
	at org.eclipse.jdt.internal.ui.text.correction.QuickFixProcessor.process(QuickFixProcessor.java:456)
	at org.eclipse.jdt.internal.ui.text.correction.QuickFixProcessor.getCorrections(QuickFixProcessor.java:379)
	at org.eclipse.jdt.internal.ui.text.correction.JavaCorrectionProcessor$SafeCorrectionCollector.safeRun(JavaCorrectionProcessor.java:384)
	at org.eclipse.jdt.internal.ui.text.correction.JavaCorrectionProcessor$SafeCorrectionProcessorAccess.run(JavaCorrectionProcessor.java:342)
	at org.eclipse.core.runtime.SafeRunner.run(SafeRunner.java:47)
	at org.eclipse.jdt.internal.ui.text.correction.JavaCorrectionProcessor$SafeCorrectionProcessorAccess.process(JavaCorrectionProcessor.java:337)
	at org.eclipse.jdt.internal.ui.text.correction.JavaCorrectionProcessor.collectCorrections(JavaCorrectionProcessor.java:470)
	at org.eclipse.jdt.internal.ui.text.java.hover.ProblemHover$ProblemInfo.getJavaAnnotationFixes(ProblemHover.java:115)
	at org.eclipse.jdt.internal.ui.text.java.hover.ProblemHover$ProblemInfo.computeCompletionProposals(ProblemHover.java:89)
	at org.eclipse.jdt.internal.ui.text.java.hover.ProblemHover$ProblemInfo.<init>(ProblemHover.java:74)
	at org.eclipse.jdt.internal.ui.text.java.hover.ProblemHover.createAnnotationInfo(ProblemHover.java:178)
	at org.eclipse.jdt.internal.ui.text.java.hover.AbstractAnnotationHover.getHoverInfo2(AbstractAnnotationHover.java:755)
	at org.eclipse.jdt.internal.ui.text.java.hover.BestMatchHover.getHoverInfo2(BestMatchHover.java:163)
	at org.eclipse.jdt.internal.ui.text.java.hover.BestMatchHover.getHoverInfo2(BestMatchHover.java:130)
	at org.eclipse.jdt.internal.ui.text.java.hover.JavaEditorTextHoverProxy.getHoverInfo2(JavaEditorTextHoverProxy.java:89)
	at org.eclipse.jface.text.TextViewerHoverManager$1.run(TextViewerHoverManager.java:155)
Caused by: java.lang.OutOfMemoryError: Java heap space

!ENTRY org.eclipse.jdt.core 4 4 2023-12-18 22:16:13.651
!MESSAGE Search failed for index Index for /exercicios
!STACK 0
java.io.IOException: Failed to read index data from file:/C:/Users/vitor/OneDrive/Dev/dev-projetos/Udemy/Java-cod3r/.metadata/.plugins/org.eclipse.jdt.core/3654592591.index at offset 8185 and size 1778384896
	at org.eclipse.jdt.internal.core.index.DiskIndex.readCategoryTable(DiskIndex.java:686)
	at org.eclipse.jdt.internal.core.index.DiskIndex.addQueryResults(DiskIndex.java:208)
	at org.eclipse.jdt.internal.core.index.Index.query(Index.java:169)
	at org.eclipse.jdt.internal.core.search.matching.MultiTypeDeclarationPattern.queryIn(MultiTypeDeclarationPattern.java:150)
	at org.eclipse.jdt.core.search.SearchPattern.findIndexMatches(SearchPattern.java:2517)
	at org.eclipse.jdt.core.search.SearchPattern.findIndexMatches(SearchPattern.java:2489)
	at org.eclipse.jdt.internal.core.search.matching.MatchLocator.findIndexMatches(MatchLocator.java:310)
	at org.eclipse.jdt.internal.core.search.PatternSearchJob.search(PatternSearchJob.java:240)
	at org.eclipse.jdt.internal.core.search.PatternSearchJob.search(PatternSearchJob.java:214)
	at org.eclipse.jdt.internal.core.search.PatternSearchJob.lambda$0(PatternSearchJob.java:150)
	at java.base/java.util.concurrent.ForkJoinTask$AdaptedCallable.exec(ForkJoinTask.java:1428)
	at java.base/java.util.concurrent.ForkJoinTask.doExec(ForkJoinTask.java:373)
	at java.base/java.util.concurrent.ForkJoinTask.awaitDone(ForkJoinTask.java:436)
	at java.base/java.util.concurrent.ForkJoinTask.get(ForkJoinTask.java:979)
	at org.eclipse.jdt.internal.core.search.PatternSearchJob.performParallelSearch(PatternSearchJob.java:156)
	at org.eclipse.jdt.internal.core.search.PatternSearchJob.execute(PatternSearchJob.java:117)
	at org.eclipse.jdt.internal.core.search.processing.JobManager.performConcurrentJob(JobManager.java:384)
	at org.eclipse.jdt.internal.core.search.BasicSearchEngine.searchAllTypeNames(BasicSearchEngine.java:2173)
	at org.eclipse.jdt.core.search.SearchEngine.searchAllTypeNames(SearchEngine.java:1298)
	at org.eclipse.jdt.core.manipulation.OrganizeImportsOperation$TypeReferenceProcessor.process(OrganizeImportsOperation.java:364)
	at org.eclipse.jdt.core.manipulation.OrganizeImportsOperation.createTextEdit(OrganizeImportsOperation.java:617)
	at org.eclipse.jdt.core.manipulation.OrganizeImportsOperation.run(OrganizeImportsOperation.java:568)
	at org.eclipse.jdt.ui.actions.OrganizeImportsAction$1.run(OrganizeImportsAction.java:298)
	at org.eclipse.core.internal.jobs.Worker.run(Worker.java:63)
Caused by: java.lang.OutOfMemoryError: Java heap space

!ENTRY org.eclipse.jdt.core 4 4 2023-12-18 22:16:18.666
!MESSAGE Failed to save JDT index: Index for /exercicios
!STACK 0
java.io.IOException: Failed to read index data from file:/C:/Users/vitor/OneDrive/Dev/dev-projetos/Udemy/Java-cod3r/.metadata/.plugins/org.eclipse.jdt.core/3654592591.index at offset 8185 and size 1778384896
	at org.eclipse.jdt.internal.core.index.DiskIndex.readCategoryTable(DiskIndex.java:686)
	at org.eclipse.jdt.internal.core.index.DiskIndex.mergeCategory(DiskIndex.java:486)
	at org.eclipse.jdt.internal.core.index.DiskIndex.mergeCategories(DiskIndex.java:478)
	at org.eclipse.jdt.internal.core.index.DiskIndex.mergeWith(DiskIndex.java:580)
	at org.eclipse.jdt.internal.core.index.Index.save(Index.java:228)
	at org.eclipse.jdt.internal.core.search.indexing.IndexManager.saveIndex(IndexManager.java:1152)
	at org.eclipse.jdt.internal.core.search.indexing.IndexManager.saveIndexes(IndexManager.java:1196)
	at org.eclipse.jdt.internal.core.search.indexing.IndexManager.notifyIdle(IndexManager.java:837)
	at org.eclipse.jdt.internal.core.search.processing.JobManager.indexerLoop(JobManager.java:509)
	at java.base/java.lang.Thread.run(Thread.java:833)
Caused by: java.lang.OutOfMemoryError: Java heap space

!ENTRY org.eclipse.jdt.core 4 0 2023-12-18 22:16:18.924
!MESSAGE Failed to update qualified index.
!STACK 0
java.io.IOException: Failed to read index data from file:/C:/Users/vitor/OneDrive/Dev/dev-projetos/Udemy/Java-cod3r/.metadata/.plugins/org.eclipse.jdt.core/1865797976.index at offset 4562 and size 1667590516
	at org.eclipse.jdt.internal.core.index.DiskIndex.readCategoryTable(DiskIndex.java:686)
	at org.eclipse.jdt.internal.core.index.DiskIndex.mergeCategory(DiskIndex.java:486)
	at org.eclipse.jdt.internal.core.index.DiskIndex.mergeCategories(DiskIndex.java:478)
	at org.eclipse.jdt.internal.core.index.DiskIndex.mergeWith(DiskIndex.java:580)
	at org.eclipse.jdt.internal.core.index.Index.save(Index.java:228)
	at org.eclipse.jdt.internal.core.index.MetaIndex.save(MetaIndex.java:99)
	at org.eclipse.jdt.internal.core.search.indexing.IndexManager.saveMetaIndex(IndexManager.java:1245)
	at org.eclipse.jdt.internal.core.search.indexing.IndexManager.saveIndexes(IndexManager.java:1221)
	at org.eclipse.jdt.internal.core.search.indexing.IndexManager.notifyIdle(IndexManager.java:837)
	at org.eclipse.jdt.internal.core.search.processing.JobManager.indexerLoop(JobManager.java:509)
	at java.base/java.lang.Thread.run(Thread.java:833)
Caused by: java.lang.OutOfMemoryError: Java heap space

!ENTRY org.eclipse.jdt.core 4 4 2023-12-18 22:16:19.181
!MESSAGE Failed to update meta index
!STACK 0
java.io.IOException: Failed to read index data from file:/C:/Users/vitor/OneDrive/Dev/dev-projetos/Udemy/Java-cod3r/.metadata/.plugins/org.eclipse.jdt.core/3654592591.index at offset 37837 and size 1634890337
	at org.eclipse.jdt.internal.core.index.DiskIndex.readCategoryTable(DiskIndex.java:686)
	at org.eclipse.jdt.internal.core.index.DiskIndex.addQueryResults(DiskIndex.java:181)
	at org.eclipse.jdt.internal.core.index.Index.query(Index.java:169)
	at org.eclipse.jdt.internal.core.index.Index.getMetaIndexQualifications(Index.java:257)
	at org.eclipse.jdt.internal.core.search.indexing.IndexManager$MetaIndexUpdateRequest.execute(IndexManager.java:1791)
	at org.eclipse.jdt.internal.core.search.processing.JobManager.indexerLoop(JobManager.java:542)
	at java.base/java.lang.Thread.run(Thread.java:833)
Caused by: java.lang.OutOfMemoryError: Java heap space
!SESSION 2023-12-19 08:04:47.847 -----------------------------------------------
eclipse.buildId=4.30.0.20231201-1200
java.version=17.0.8
java.vendor=Oracle Corporation
BootLoader constants: OS=win32, ARCH=x86_64, WS=win32, NL=pt_BR
Framework arguments:  -product org.eclipse.epp.package.jee.product
Command-line arguments:  -os win32 -ws win32 -arch x86_64 -product org.eclipse.epp.package.jee.product

!ENTRY org.eclipse.emf.ecore 2 0 2023-12-19 08:04:53.569
!MESSAGE Both 'org.eclipse.jst.j2ee.core' and 'org.eclipse.jst.j2ee.core' register a package for 'application.xmi'

!ENTRY ch.qos.logback.classic 1 0 2023-12-19 08:04:53.976
!MESSAGE Activated before the state location was initialized. Retry after the state location is initialized.

!ENTRY ch.qos.logback.classic 1 0 2023-12-19 08:04:57.641
!MESSAGE Logback config file: C:\Users\vitor\OneDrive\Dev\dev-projetos\Udemy\Java-cod3r\.metadata\.plugins\org.eclipse.m2e.logback\logback.2.2.1.20231030-1438.xml

!ENTRY org.eclipse.jface 2 0 2023-12-19 08:05:00.911
!MESSAGE Keybinding conflicts occurred.  They may interfere with normal accelerator operation.
!SUBENTRY 1 org.eclipse.jface 2 0 2023-12-19 08:05:00.911
!MESSAGE A conflict occurred for CTRL+SHIFT+T:
Binding(CTRL+SHIFT+T,
	ParameterizedCommand(Command(org.eclipse.jdt.ui.navigate.open.type,Open Type,
		Open a type in a Java editor,
		Category(org.eclipse.ui.category.navigate,Navigate,null,true),
		WorkbenchHandlerServiceHandler("org.eclipse.jdt.ui.navigate.open.type"),
		,,true),null),
	org.eclipse.ui.defaultAcceleratorConfiguration,
	org.eclipse.ui.contexts.window,,,system)
Binding(CTRL+SHIFT+T,
	ParameterizedCommand(Command(org.eclipse.lsp4e.symbolinworkspace,Go to Symbol in Workspace,
		,
		Category(org.eclipse.lsp4e.category,Language Servers,null,true),
		WorkbenchHandlerServiceHandler("org.eclipse.lsp4e.symbolinworkspace"),
		,,true),null),
	org.eclipse.ui.defaultAcceleratorConfiguration,
	org.eclipse.ui.contexts.window,,,system)
